#
# A fatal error has been detected by the Java Runtime Environment:
#
#  SIGSEGV (0xb) at pc=0x00000001030c134c, pid=6717, tid=0x0000000000002107
#
# JRE version: Java(TM) SE Runtime Environment (8.0_291-b10) (build 1.8.0_291-b10)
# Java VM: Java HotSpot(TM) 64-Bit Server VM (25.291-b10 mixed mode bsd-amd64 compressed oops)
# Problematic frame:
# V  [libjvm.dylib+0x4c134c]
#
# Failed to write core dump. Core dumps have been disabled. To enable core dumping, try "ulimit -c unlimited" before starting Java again
#
# If you would like to submit a bug report, please visit:
#   http://bugreport.java.com/bugreport/crash.jsp
#

---------------  T H R E A D  ---------------

Current thread (0x00007fc0dd808800):  GCTaskThread [stack: 0x0000700009658000,0x0000700009758000] [id=8455]

siginfo: si_signo: 11 (SIGSEGV), si_code: 1 (SEGV_MAPERR), si_addr: 0x0000000000000125

Registers:
RAX=0x0000000000000005, RBX=0x00007fc0dc70b708, RCX=0x00007fc0dee69003, RDX=0x00000007a36280a0
RSP=0x0000700009757d40, RBP=0x0000700009757de0, RSI=0x00007fc0dc70b690, RDI=0x00000007a36c5268
R8 =0x000000000000003f, R9 =0x000000010331931b, R10=0x0000000114e68f28, R11=0x0000800000000000
R12=0x0000700009757e48, R13=0x00007fc0dc70b690, R14=0x00000001032f8df8, R15=0x00007fc0dc70b698
RIP=0x00000001030c134c, EFLAGS=0x0000000000010202, ERR=0x0000000000000004
  TRAPNO=0x000000000000000e

Top of Stack: (sp=0x0000700009757d40)
0x0000700009757d40:   00000007a36280a0 00000007a3e805e0
0x0000700009757d50:   00007fc0dc70b690 00007fc0dc70b750
0x0000700009757d60:   0000700009757d90 00000001030b3324
0x0000700009757d70:   000000000000004f 000000075df69278
0x0000700009757d80:   00007fc0dc70b708 00007fc0dc70b7c0
0x0000700009757d90:   0000700009757de0 0000000102ea0825
0x0000700009757da0:   0000700009757de0 0000000000000000
0x0000700009757db0:   00000007c00a2368 0000700009757e08
0x0000700009757dc0:   0000700009757e48 00007fc0dc70b690
0x0000700009757dd0:   0000000103319319 0000000000000000
0x0000700009757de0:   0000700009757e80 00000001030b2c39
0x0000700009757df0:   00007fc0dc512050 0000000000000000
0x0000700009757e00:   0000700000000000 000000075df69240
0x0000700009757e10:   00007fc0dd808800 00007fc0dc70b7c0
0x0000700009757e20:   0000000103319571 00007fc0dc60c200
0x0000700009757e30:   0000700009757e50 0000000102e5cf36
0x0000700009757e40:   0000000103319571 0000000015cf34be
0x0000700009757e50:   0000700009757e80 00007fc0dd808800
0x0000700009757e60:   00007fc0dc512050 00000001031fdf96
0x0000700009757e70:   0000000000000000 0000000000000001
0x0000700009757e80:   0000700009757f60 0000000102e5dd75
0x0000700009757e90:   0000000103319428 00007fc0dd808800
0x0000700009757ea0:   00007fc0dc60c810 00007fc0dc60c850
0x0000700009757eb0:   00007fc0dc60c860 00007fc0dc60c938
0x0000700009757ec0:   00000000000000d8 00007fc0dc60ca50
0x0000700009757ed0:   00007fc0dd808800 00007fc0dc60c810
0x0000700009757ee0:   00007fc0dc60c850 00007fc0dc60c860
0x0000700009757ef0:   00007fc0dc60c938 00000000000000d8
0x0000700009757f00:   0000700009757e98 00007fc0dc60c3f0
0x0000700009757f10:   00007fc0dc60c420 00007fc0dc60c430
0x0000700009757f20:   00007fc0dc60c808 00000000000003d8
0x0000700009757f30:   0000000000000000 00007fc0dc60d310 

Instructions: (pc=0x00000001030c134c)
0x00000001030c132c:   25 00 80 38 00 74 0f 8b 7a 08 41 8a 4e 08 48 d3
0x00000001030c133c:   e7 49 03 3e eb 04 48 8b 7a 08 48 8b 07 4c 89 ee
0x00000001030c134c:   ff 90 20 01 00 00 41 8b 45 08 89 c1 41 2b 4d 48
0x00000001030c135c:   f7 c1 ff ff 01 00 74 72 05 ff ff 01 00 89 c6 81 

Register to memory mapping:

RAX=0x0000000000000005 is an unknown value
RBX=0x00007fc0dc70b708 is an unknown value
RCX=0x00007fc0dee69003 is an unknown value
RDX=0x00000007a36280a0 is an unknown value
RSP=0x0000700009757d40 is an unknown value
RBP=0x0000700009757de0 is an unknown value
RSI=0x00007fc0dc70b690 is an unknown value
RDI=0x00000007a36c5268 is an oop
java.util.HashSet 
 - klass: 'java/util/HashSet'
R8 =0x000000000000003f is an unknown value
R9 =0x000000010331931b: AssumeMP+0 in /Library/Java/JavaVirtualMachines/jdk1.8.0_291.jdk/Contents/Home/jre/lib/server/libjvm.dylib at 0x0000000102c00000
R10=0x0000000114e68f28 is an unknown value
R11=0x0000800000000000 is an unknown value
R12=0x0000700009757e48 is an unknown value
R13=0x00007fc0dc70b690 is an unknown value
R14=0x00000001032f8df8: _ZN8Universe13_narrow_klassE+0 in /Library/Java/JavaVirtualMachines/jdk1.8.0_291.jdk/Contents/Home/jre/lib/server/libjvm.dylib at 0x0000000102c00000
R15=0x00007fc0dc70b698 is an unknown value


Stack: [0x0000700009658000,0x0000700009758000],  sp=0x0000700009757d40,  free space=1023k
Native frames: (J=compiled Java code, j=interpreted, Vv=VM code, C=native code)
V  [libjvm.dylib+0x4c134c]
V  [libjvm.dylib+0x4b2c39]
V  [libjvm.dylib+0x25dd75]
V  [libjvm.dylib+0x48c57b]
C  [libsystem_pthread.dylib+0x6109]  _pthread_start+0x94
C  [libsystem_pthread.dylib+0x1b8b]  thread_start+0xf


---------------  P R O C E S S  ---------------

Java Threads: ( => current thread )
  0x00007fc0dd009000 JavaThread "Service Thread" daemon [_thread_blocked, id=16131, stack(0x000070000a3ff000,0x000070000a57f000)]
  0x00007fc0dd81e000 JavaThread "C1 CompilerThread2" daemon [_thread_blocked, id=16643, stack(0x000070000a2fc000,0x000070000a3fc000)]
  0x00007fc0de04b800 JavaThread "C2 CompilerThread1" daemon [_thread_blocked, id=12291, stack(0x000070000a1f9000,0x000070000a2f9000)]
  0x00007fc0dd81d000 JavaThread "C2 CompilerThread0" daemon [_thread_blocked, id=12035, stack(0x000070000a0f6000,0x000070000a1f6000)]
  0x00007fc0dd81c800 JavaThread "Signal Dispatcher" daemon [_thread_blocked, id=17411, stack(0x0000700009f73000,0x000070000a0f3000)]
  0x00007fc0de037000 JavaThread "Finalizer" daemon [_thread_blocked, id=20227, stack(0x0000700009cea000,0x0000700009e6a000)]
  0x00007fc0dd812800 JavaThread "Reference Handler" daemon [_thread_blocked, id=20739, stack(0x0000700009b67000,0x0000700009ce7000)]
  0x00007fc0de009800 JavaThread "main" [_thread_blocked, id=3587, stack(0x0000700009555000,0x0000700009655000)]

Other Threads:
  0x00007fc0dd812000 VMThread [stack: 0x0000700009a64000,0x0000700009b64000] [id=21251]
  0x00007fc0dd813800 WatcherThread [stack: 0x000070000a582000,0x000070000a682000] [id=15619]

=>0x00007fc0dd808800 (exited) GCTaskThread [stack: 0x0000700009658000,0x0000700009758000] [id=8455]

VM state:at safepoint (normal execution)

VM Mutex/Monitor currently owned by a thread:  ([mutex/lock_event])
[0x00007fc0dc50bfb0] Threads_lock - owner thread: 0x00007fc0dd812000
[0x00007fc0dc50c4b0] Heap_lock - owner thread: 0x00007fc0de009800

heap address: 0x000000075c000000, size: 1600 MB, Compressed Oops mode: Zero based, Oop shift amount: 3
Narrow klass base: 0x0000000000000000, Narrow klass shift: 3
Compressed class space size: 1073741824 Address: 0x00000007c0000000

Heap:
 PSYoungGen      total 74752K, used 74726K [0x000000079eb00000, 0x00000007a4500000, 0x00000007c0000000)
  eden space 63488K, 100% used [0x000000079eb00000,0x00000007a2900000,0x00000007a2900000)
  from space 11264K, 99% used [0x00000007a3600000,0x00000007a40f9938,0x00000007a4100000)
  to   space 13312K, 99% used [0x00000007a2900000,0x00000007a35ff948,0x00000007a3600000)
 ParOldGen       total 44032K, used 35871K [0x000000075c000000, 0x000000075eb00000, 0x000000079eb00000)
  object space 44032K, 81% used [0x000000075c000000,0x000000075e307c48,0x000000075eb00000)
 Metaspace       used 7030K, capacity 7096K, committed 7168K, reserved 1056768K
  class space    used 739K, capacity 744K, committed 768K, reserved 1048576K

Card table byte_map: [0x00000001131c8000,0x00000001134e9000] byte_map_base: 0x000000010f6e8000

Marking Bits: (ParMarkBitMap*) 0x0000000103323288
 Begin Bits: [0x00000001134e9000, 0x0000000114de9000)
 End Bits:   [0x0000000114de9000, 0x00000001166e9000)

Polling page: 0x000000010232b000

CodeCache: size=245760Kb used=4997Kb max_used=5030Kb free=240762Kb
 bounds [0x0000000103e08000, 0x00000001042f8000, 0x0000000112e08000]
 total_blobs=1042 nmethods=757 adapters=199
 compilation: enabled

Compilation events (10 events):
Event: 11.415 Thread 0x00007fc0dd81e000  759       3       com.sun.tools.javac.tree.JCTree$JCInstanceOf::<init> (15 bytes)
Event: 11.415 Thread 0x00007fc0dd81e000 nmethod 759 0x00000001042c3d50 code [0x00000001042c3ec0, 0x00000001042c4170]
Event: 11.437 Thread 0x00007fc0dd81d000 nmethod 739 0x00000001042cb750 code [0x00000001042cc740, 0x00000001042d2e10]
Event: 11.438 Thread 0x00007fc0dd81d000  752       4       com.sun.tools.javac.tree.TreeMaker::If (24 bytes)
Event: 11.441 Thread 0x00007fc0dd81d000 nmethod 752 0x00000001042c3a50 code [0x00000001042c3ba0, 0x00000001042c3cb8]
Event: 11.441 Thread 0x00007fc0dd81d000  756       4       com.sun.tools.javac.parser.JavacParser::foldIfNeeded (60 bytes)
Event: 11.621 Thread 0x00007fc0de04b800 nmethod 750 0x00000001042e3390 code [0x00000001042e42a0, 0x00000001042ebeb0]
Event: 11.622 Thread 0x00007fc0de04b800  757       4       java.lang.ThreadLocal::get (38 bytes)
Event: 11.623 Thread 0x00007fc0dd81d000 nmethod 756 0x00000001042dd890 code [0x00000001042ddcc0, 0x00000001042e0248]
Event: 11.625 Thread 0x00007fc0de04b800 nmethod 757 0x00000001042c3610 code [0x00000001042c3760, 0x00000001042c3898]

GC Heap History (10 events):
Event: 3.476 GC heap after
Heap after GC invocations=3 (full 0):
 PSYoungGen      total 18944K, used 2547K [0x000000079eb00000, 0x00000007a1000000, 0x00000007c0000000)
  eden space 16384K, 0% used [0x000000079eb00000,0x000000079eb00000,0x000000079fb00000)
  from space 2560K, 99% used [0x000000079fb00000,0x000000079fd7cfa8,0x000000079fd80000)
  to   space 2560K, 0% used [0x00000007a0d80000,0x00000007a0d80000,0x00000007a1000000)
 ParOldGen       total 44032K, used 8875K [0x000000075c000000, 0x000000075eb00000, 0x000000079eb00000)
  object space 44032K, 20% used [0x000000075c000000,0x000000075c8aaf38,0x000000075eb00000)
 Metaspace       used 6949K, capacity 6968K, committed 7168K, reserved 1056768K
  class space    used 739K, capacity 744K, committed 768K, reserved 1048576K
}
Event: 7.331 GC heap before
{Heap before GC invocations=4 (full 0):
 PSYoungGen      total 18944K, used 18931K [0x000000079eb00000, 0x00000007a1000000, 0x00000007c0000000)
  eden space 16384K, 100% used [0x000000079eb00000,0x000000079fb00000,0x000000079fb00000)
  from space 2560K, 99% used [0x000000079fb00000,0x000000079fd7cfa8,0x000000079fd80000)
  to   space 2560K, 0% used [0x00000007a0d80000,0x00000007a0d80000,0x00000007a1000000)
 ParOldGen       total 44032K, used 8875K [0x000000075c000000, 0x000000075eb00000, 0x000000079eb00000)
  object space 44032K, 20% used [0x000000075c000000,0x000000075c8aaf38,0x000000075eb00000)
 Metaspace       used 7011K, capacity 7032K, committed 7168K, reserved 1056768K
  class space    used 739K, capacity 744K, committed 768K, reserved 1048576K
Event: 7.348 GC heap after
Heap after GC invocations=4 (full 0):
 PSYoungGen      total 35328K, used 2554K [0x000000079eb00000, 0x00000007a1000000, 0x00000007c0000000)
  eden space 32768K, 0% used [0x000000079eb00000,0x000000079eb00000,0x00000007a0b00000)
  from space 2560K, 99% used [0x00000007a0d80000,0x00000007a0ffe888,0x00000007a1000000)
  to   space 2560K, 0% used [0x00000007a0b00000,0x00000007a0b00000,0x00000007a0d80000)
 ParOldGen       total 44032K, used 12735K [0x000000075c000000, 0x000000075eb00000, 0x000000079eb00000)
  object space 44032K, 28% used [0x000000075c000000,0x000000075cc6ff60,0x000000075eb00000)
 Metaspace       used 7011K, capacity 7032K, committed 7168K, reserved 1056768K
  class space    used 739K, capacity 744K, committed 768K, reserved 1048576K
}
Event: 8.775 GC heap before
{Heap before GC invocations=5 (full 0):
 PSYoungGen      total 35328K, used 35322K [0x000000079eb00000, 0x00000007a1000000, 0x00000007c0000000)
  eden space 32768K, 100% used [0x000000079eb00000,0x00000007a0b00000,0x00000007a0b00000)
  from space 2560K, 99% used [0x00000007a0d80000,0x00000007a0ffe888,0x00000007a1000000)
  to   space 2560K, 0% used [0x00000007a0b00000,0x00000007a0b00000,0x00000007a0d80000)
 ParOldGen       total 44032K, used 12735K [0x000000075c000000, 0x000000075eb00000, 0x000000079eb00000)
  object space 44032K, 28% used [0x000000075c000000,0x000000075cc6ff60,0x000000075eb00000)
 Metaspace       used 7019K, capacity 7032K, committed 7168K, reserved 1056768K
  class space    used 739K, capacity 744K, committed 768K, reserved 1048576K
Event: 8.800 GC heap after
Heap after GC invocations=5 (full 0):
 PSYoungGen      total 35328K, used 2541K [0x000000079eb00000, 0x00000007a4100000, 0x00000007c0000000)
  eden space 32768K, 0% used [0x000000079eb00000,0x000000079eb00000,0x00000007a0b00000)
  from space 2560K, 99% used [0x00000007a0b00000,0x00000007a0d7b430,0x00000007a0d80000)
  to   space 11264K, 0% used [0x00000007a3600000,0x00000007a3600000,0x00000007a4100000)
 ParOldGen       total 44032K, used 21278K [0x000000075c000000, 0x000000075eb00000, 0x000000079eb00000)
  object space 44032K, 48% used [0x000000075c000000,0x000000075d4c7980,0x000000075eb00000)
 Metaspace       used 7019K, capacity 7032K, committed 7168K, reserved 1056768K
  class space    used 739K, capacity 744K, committed 768K, reserved 1048576K
}
Event: 10.347 GC heap before
{Heap before GC invocations=6 (full 0):
 PSYoungGen      total 35328K, used 35207K [0x000000079eb00000, 0x00000007a4100000, 0x00000007c0000000)
  eden space 32768K, 99% used [0x000000079eb00000,0x00000007a0ae68c8,0x00000007a0b00000)
  from space 2560K, 99% used [0x00000007a0b00000,0x00000007a0d7b430,0x00000007a0d80000)
  to   space 11264K, 0% used [0x00000007a3600000,0x00000007a3600000,0x00000007a4100000)
 ParOldGen       total 44032K, used 21278K [0x000000075c000000, 0x000000075eb00000, 0x000000079eb00000)
  object space 44032K, 48% used [0x000000075c000000,0x000000075d4c7980,0x000000075eb00000)
 Metaspace       used 7027K, capacity 7096K, committed 7168K, reserved 1056768K
  class space    used 739K, capacity 744K, committed 768K, reserved 1048576K
Event: 10.371 GC heap after
Heap after GC invocations=6 (full 0):
 PSYoungGen      total 74752K, used 11238K [0x000000079eb00000, 0x00000007a4500000, 0x00000007c0000000)
  eden space 63488K, 0% used [0x000000079eb00000,0x000000079eb00000,0x00000007a2900000)
  from space 11264K, 99% used [0x00000007a3600000,0x00000007a40f9938,0x00000007a4100000)
  to   space 13312K, 0% used [0x00000007a2900000,0x00000007a2900000,0x00000007a3600000)
 ParOldGen       total 44032K, used 21811K [0x000000075c000000, 0x000000075eb00000, 0x000000079eb00000)
  object space 44032K, 49% used [0x000000075c000000,0x000000075d54cd40,0x000000075eb00000)
 Metaspace       used 7027K, capacity 7096K, committed 7168K, reserved 1056768K
  class space    used 739K, capacity 744K, committed 768K, reserved 1048576K
}
Event: 11.647 GC heap before
{Heap before GC invocations=7 (full 0):
 PSYoungGen      total 74752K, used 74726K [0x000000079eb00000, 0x00000007a4500000, 0x00000007c0000000)
  eden space 63488K, 100% used [0x000000079eb00000,0x00000007a2900000,0x00000007a2900000)
  from space 11264K, 99% used [0x00000007a3600000,0x00000007a40f9938,0x00000007a4100000)
  to   space 13312K, 0% used [0x00000007a2900000,0x00000007a2900000,0x00000007a3600000)
 ParOldGen       total 44032K, used 21811K [0x000000075c000000, 0x000000075eb00000, 0x000000079eb00000)
  object space 44032K, 49% used [0x000000075c000000,0x000000075d54cd40,0x000000075eb00000)
 Metaspace       used 7030K, capacity 7096K, committed 7168K, reserved 1056768K
  class space    used 739K, capacity 744K, committed 768K, reserved 1048576K
Event: 11.724 GC heap after
Heap after GC invocations=7 (full 0):
 PSYoungGen      total 74752K, used 74726K [0x000000079eb00000, 0x00000007a4500000, 0x00000007c0000000)
  eden space 63488K, 100% used [0x000000079eb00000,0x00000007a2900000,0x00000007a2900000)
  from space 11264K, 99% used [0x00000007a3600000,0x00000007a40f9938,0x00000007a4100000)
  to   space 13312K, 99% used [0x00000007a2900000,0x00000007a35ff948,0x00000007a3600000)
 ParOldGen       total 44032K, used 35871K [0x000000075c000000, 0x000000075eb00000, 0x000000079eb00000)
  object space 44032K, 81% used [0x000000075c000000,0x000000075e307c48,0x000000075eb00000)
 Metaspace       used 7030K, capacity 7096K, committed 7168K, reserved 1056768K
  class space    used 739K, capacity 744K, committed 768K, reserved 1048576K
}
Event: 11.724 GC heap before
{Heap before GC invocations=8 (full 1):
 PSYoungGen      total 74752K, used 74726K [0x000000079eb00000, 0x00000007a4500000, 0x00000007c0000000)
  eden space 63488K, 100% used [0x000000079eb00000,0x00000007a2900000,0x00000007a2900000)
  from space 11264K, 99% used [0x00000007a3600000,0x00000007a40f9938,0x00000007a4100000)
  to   space 13312K, 99% used [0x00000007a2900000,0x00000007a35ff948,0x00000007a3600000)
 ParOldGen       total 44032K, used 35871K [0x000000075c000000, 0x000000075eb00000, 0x000000079eb00000)
  object space 44032K, 81% used [0x000000075c000000,0x000000075e307c48,0x000000075eb00000)
 Metaspace       used 7030K, capacity 7096K, committed 7168K, reserved 1056768K
  class space    used 739K, capacity 744K, committed 768K, reserved 1048576K

Deoptimization events (10 events):
Event: 1.858 Thread 0x00007fc0de009800 Uncommon trap: reason=unstable_if action=reinterpret pc=0x0000000103ff7d2c method=com.sun.tools.javac.util.Name$Table.equals([BI[BII)Z @ 22
Event: 1.951 Thread 0x00007fc0de009800 Uncommon trap: reason=unstable_if action=reinterpret pc=0x0000000103f80694 method=java.lang.ref.SoftReference.get()Ljava/lang/Object; @ 17
Event: 1.971 Thread 0x00007fc0de009800 Uncommon trap: reason=unstable_if action=reinterpret pc=0x000000010401f610 method=com.sun.tools.javac.util.Name$Table.equals([BI[BII)Z @ 22
Event: 2.073 Thread 0x00007fc0de009800 Uncommon trap: reason=unstable_if action=reinterpret pc=0x00000001040430cc method=com.sun.tools.javac.parser.JavaTokenizer$BasicComment.scanDocComment()V @ 295
Event: 2.404 Thread 0x00007fc0de009800 Uncommon trap: reason=unstable_if action=reinterpret pc=0x0000000103fa6428 method=com.sun.tools.javac.util.ArrayUtils.ensureCapacity([CI)[C @ 3
Event: 7.967 Thread 0x00007fc0de009800 Uncommon trap: reason=unstable_if action=reinterpret pc=0x00000001040f9ad8 method=com.sun.tools.javac.parser.JavaTokenizer.readToken()Lcom/sun/tools/javac/parser/Tokens$Token; @ 676
Event: 8.841 Thread 0x00007fc0de009800 Uncommon trap: reason=unstable_if action=reinterpret pc=0x0000000104194e80 method=com.sun.tools.javac.parser.UnicodeReader.convertUnicode()V @ 17
Event: 8.844 Thread 0x00007fc0de009800 Uncommon trap: reason=unstable_if action=reinterpret pc=0x000000010420a4e8 method=com.sun.tools.javac.parser.JavacParser.parseStatement()Lcom/sun/tools/javac/tree/JCTree$JCStatement; @ 258
Event: 10.404 Thread 0x00007fc0de009800 Uncommon trap: reason=unstable_if action=reinterpret pc=0x000000010409cb44 method=com.sun.tools.javac.util.ArrayUtils.ensureCapacity([BI)[B @ 3
Event: 10.766 Thread 0x00007fc0de009800 Uncommon trap: reason=unstable_if action=reinterpret pc=0x00000001041f36a4 method=com.sun.tools.javac.parser.JavaTokenizer.scanNumber(II)V @ 210

Classes redefined (0 events):
No events

Internal exceptions (6 events):
Event: 0.115 Thread 0x00007fc0de009800 Exception <a 'java/lang/NoSuchMethodError': Method sun.misc.Unsafe.defineClass(Ljava/lang/String;[BII)Ljava/lang/Class; name or signature does not match> (0x000000079eb07cc0) thrown at [/System/Volumes/Data/jenkins/workspace/8-2-build-macosx-x86_64/jdk8u2
Event: 0.115 Thread 0x00007fc0de009800 Exception <a 'java/lang/NoSuchMethodError': Method sun.misc.Unsafe.prefetchRead(Ljava/lang/Object;J)V name or signature does not match> (0x000000079eb07fa8) thrown at [/System/Volumes/Data/jenkins/workspace/8-2-build-macosx-x86_64/jdk8u291/1294/hotspot/sr
Event: 0.518 Thread 0x00007fc0de009800 Exception <a 'java/security/PrivilegedActionException'> (0x000000079eb8ca88) thrown at [/System/Volumes/Data/jenkins/workspace/8-2-build-macosx-x86_64/jdk8u291/1294/hotspot/src/share/vm/prims/jvm.cpp, line 1523]
Event: 0.518 Thread 0x00007fc0de009800 Exception <a 'java/security/PrivilegedActionException'> (0x000000079eb8ce80) thrown at [/System/Volumes/Data/jenkins/workspace/8-2-build-macosx-x86_64/jdk8u291/1294/hotspot/src/share/vm/prims/jvm.cpp, line 1523]
Event: 0.520 Thread 0x00007fc0de009800 Exception <a 'java/security/PrivilegedActionException'> (0x000000079eb90488) thrown at [/System/Volumes/Data/jenkins/workspace/8-2-build-macosx-x86_64/jdk8u291/1294/hotspot/src/share/vm/prims/jvm.cpp, line 1523]
Event: 0.521 Thread 0x00007fc0de009800 Exception <a 'java/security/PrivilegedActionException'> (0x000000079eb90880) thrown at [/System/Volumes/Data/jenkins/workspace/8-2-build-macosx-x86_64/jdk8u291/1294/hotspot/src/share/vm/prims/jvm.cpp, line 1523]

Events (10 events):
Event: 11.427 Thread 0x00007fc0de009800 DEOPT UNPACKING pc=0x0000000103e4f784 sp=0x00007000096535f8 mode 0
Event: 11.429 Thread 0x00007fc0de009800 DEOPT PACKING pc=0x0000000104296fe1 sp=0x0000700009652f90
Event: 11.429 Thread 0x00007fc0de009800 DEOPT UNPACKING pc=0x0000000103e4f784 sp=0x0000700009652fd8 mode 0
Event: 11.430 Thread 0x00007fc0de009800 DEOPT PACKING pc=0x0000000104297193 sp=0x0000700009653880
Event: 11.430 Thread 0x00007fc0de009800 DEOPT UNPACKING pc=0x0000000103e4f784 sp=0x00007000096538d8 mode 0
Event: 11.431 Thread 0x00007fc0de009800 DEOPT PACKING pc=0x0000000104297193 sp=0x0000700009653880
Event: 11.431 Thread 0x00007fc0de009800 DEOPT UNPACKING pc=0x0000000103e4f784 sp=0x00007000096538d8 mode 0
Event: 11.433 Thread 0x00007fc0de009800 DEOPT PACKING pc=0x0000000104297193 sp=0x0000700009653880
Event: 11.433 Thread 0x00007fc0de009800 DEOPT UNPACKING pc=0x0000000103e4f784 sp=0x00007000096538d8 mode 0
Event: 11.647 Executing VM operation: ParallelGCFailedAllocation


Dynamic libraries:
0x00007fff34aaf000 	/System/Library/Frameworks/Cocoa.framework/Versions/A/Cocoa
0x00007fff422e0000 	/System/Library/Frameworks/Security.framework/Versions/A/Security
0x00007fff33a14000 	/System/Library/Frameworks/ApplicationServices.framework/Versions/A/ApplicationServices
0x00007fff6f072000 	/usr/lib/libz.1.dylib
0x00007fff6caa8000 	/usr/lib/libSystem.B.dylib
0x00007fff35962000 	/System/Library/Frameworks/CoreFoundation.framework/Versions/A/CoreFoundation
0x00007fff38042000 	/System/Library/Frameworks/Foundation.framework/Versions/C/Foundation
0x00007fff6e99f000 	/usr/lib/libobjc.A.dylib
0x00007fff32c04000 	/System/Library/Frameworks/AppKit.framework/Versions/C/AppKit
0x00007fff35433000 	/System/Library/Frameworks/CoreData.framework/Versions/A/CoreData
0x00007fff66abd000 	/System/Library/PrivateFrameworks/UIFoundation.framework/Versions/A/UIFoundation
0x00007fff61b51000 	/System/Library/PrivateFrameworks/RemoteViewServices.framework/Versions/A/RemoteViewServices
0x00007fff69618000 	/System/Library/PrivateFrameworks/XCTTargetBootstrap.framework/Versions/A/XCTTargetBootstrap
0x00007fff3582f000 	/System/Library/Frameworks/CoreDisplay.framework/Versions/A/CoreDisplay
0x00007fff3af01000 	/System/Library/Frameworks/Metal.framework/Versions/A/Metal
0x00007fff4fafc000 	/System/Library/PrivateFrameworks/DesktopServicesPriv.framework/Versions/A/DesktopServicesPriv
0x00007fff6dc7a000 	/usr/lib/liblangid.dylib
0x00007fff4ed91000 	/System/Library/PrivateFrameworks/CoreSVG.framework/Versions/A/CoreSVG
0x00007fff64cad000 	/System/Library/PrivateFrameworks/SkyLight.framework/Versions/A/SkyLight
0x00007fff35de4000 	/System/Library/Frameworks/CoreGraphics.framework/Versions/A/CoreGraphics
0x00007fff31573000 	/System/Library/Frameworks/Accelerate.framework/Versions/A/Accelerate
0x00007fff6ef63000 	/usr/lib/libxml2.2.dylib
0x00007fff5aa9a000 	/System/Library/PrivateFrameworks/IconServices.framework/Versions/A/IconServices
0x00007fff38821000 	/System/Library/Frameworks/IOSurface.framework/Versions/A/IOSurface
0x00007fff6c5d2000 	/usr/lib/libDiagnosticMessagesClient.dylib
0x00007fff4f956000 	/System/Library/PrivateFrameworks/DFRFoundation.framework/Versions/A/DFRFoundation
0x00007fff6da09000 	/usr/lib/libicucore.A.dylib
0x00007fff33d46000 	/System/Library/Frameworks/AudioToolbox.framework/Versions/A/AudioToolbox
0x00007fff33e29000 	/System/Library/Frameworks/AudioUnit.framework/Versions/A/AudioUnit
0x00007fff6cd40000 	/usr/lib/libauto.dylib
0x00007fff4f9f8000 	/System/Library/PrivateFrameworks/DataDetectorsCore.framework/Versions/A/DataDetectorsCore
0x00007fff345d0000 	/System/Library/Frameworks/Carbon.framework/Versions/A/Frameworks/HIToolbox.framework/Versions/A/HIToolbox
0x00007fff414da000 	/System/Library/Frameworks/QuartzCore.framework/Versions/A/QuartzCore
0x00007fff3490f000 	/System/Library/Frameworks/Carbon.framework/Versions/A/Frameworks/SpeechRecognition.framework/Versions/A/SpeechRecognition
0x00007fff4f46a000 	/System/Library/PrivateFrameworks/CoreUI.framework/Versions/A/CoreUI
0x00007fff34e9e000 	/System/Library/Frameworks/CoreAudio.framework/Versions/A/CoreAudio
0x00007fff37d01000 	/System/Library/Frameworks/DiskArbitration.framework/Versions/A/DiskArbitration
0x00007fff5cb2c000 	/System/Library/PrivateFrameworks/MultitouchSupport.framework/Versions/A/MultitouchSupport
0x00007fff6d8d0000 	/usr/lib/libenergytrace.dylib
0x00007fff3877b000 	/System/Library/Frameworks/IOKit.framework/Versions/A/IOKit
0x00007fff36d6d000 	/System/Library/Frameworks/CoreServices.framework/Versions/A/CoreServices
0x00007fff5ece4000 	/System/Library/PrivateFrameworks/PerformanceAnalysis.framework/Versions/A/PerformanceAnalysis
0x00007fff4050d000 	/System/Library/Frameworks/OpenGL.framework/Versions/A/OpenGL
0x00007fff34abd000 	/System/Library/Frameworks/ColorSync.framework/Versions/A/ColorSync
0x00007fff36489000 	/System/Library/Frameworks/CoreImage.framework/Versions/A/CoreImage
0x00007fff377e0000 	/System/Library/Frameworks/CoreText.framework/Versions/A/CoreText
0x00007fff388b1000 	/System/Library/Frameworks/ImageIO.framework/Versions/A/ImageIO
0x00007fff6ce24000 	/usr/lib/libc++.1.dylib
0x00007fff6cea0000 	/usr/lib/libcompression.dylib
0x00007fff6c916000 	/usr/lib/libMobileGestalt.dylib
0x00007fff66827000 	/System/Library/PrivateFrameworks/TextureIO.framework/Versions/A/TextureIO
0x00007fff6cc0d000 	/usr/lib/libate.dylib
0x00007fff5aca3000 	/System/Library/PrivateFrameworks/InternationalSupport.framework/Versions/A/InternationalSupport
0x00007fff6f933000 	/usr/lib/system/libcache.dylib
0x00007fff6f939000 	/usr/lib/system/libcommonCrypto.dylib
0x00007fff6f945000 	/usr/lib/system/libcompiler_rt.dylib
0x00007fff6f94d000 	/usr/lib/system/libcopyfile.dylib
0x00007fff6f957000 	/usr/lib/system/libcorecrypto.dylib
0x00007fff6faf6000 	/usr/lib/system/libdispatch.dylib
0x00007fff6fb37000 	/usr/lib/system/libdyld.dylib
0x00007fff6fb6e000 	/usr/lib/system/libkeymgr.dylib
0x00007fff6fb7c000 	/usr/lib/system/liblaunch.dylib
0x00007fff6fb7d000 	/usr/lib/system/libmacho.dylib
0x00007fff6fb83000 	/usr/lib/system/libquarantine.dylib
0x00007fff6fb86000 	/usr/lib/system/libremovefile.dylib
0x00007fff6fb88000 	/usr/lib/system/libsystem_asl.dylib
0x00007fff6fba0000 	/usr/lib/system/libsystem_blocks.dylib
0x00007fff6fba1000 	/usr/lib/system/libsystem_c.dylib
0x00007fff6fc29000 	/usr/lib/system/libsystem_configuration.dylib
0x00007fff6fc2d000 	/usr/lib/system/libsystem_coreservices.dylib
0x00007fff6fc31000 	/usr/lib/system/libsystem_darwin.dylib
0x00007fff6fc3a000 	/usr/lib/system/libsystem_dnssd.dylib
0x00007fff6fc42000 	/usr/lib/system/libsystem_featureflags.dylib
0x00007fff6fc44000 	/usr/lib/system/libsystem_info.dylib
0x00007fff6fcbf000 	/usr/lib/system/libsystem_m.dylib
0x00007fff6fd0b000 	/usr/lib/system/libsystem_malloc.dylib
0x00007fff6fd33000 	/usr/lib/system/libsystem_networkextension.dylib
0x00007fff6fd41000 	/usr/lib/system/libsystem_notify.dylib
0x00007fff6fd5f000 	/usr/lib/system/libsystem_sandbox.dylib
0x00007fff6fd64000 	/usr/lib/system/libsystem_secinit.dylib
0x00007fff6fc92000 	/usr/lib/system/libsystem_kernel.dylib
0x00007fff6fd4b000 	/usr/lib/system/libsystem_platform.dylib
0x00007fff6fd54000 	/usr/lib/system/libsystem_pthread.dylib
0x00007fff6fd67000 	/usr/lib/system/libsystem_symptoms.dylib
0x00007fff6fd6f000 	/usr/lib/system/libsystem_trace.dylib
0x00007fff6fd87000 	/usr/lib/system/libunwind.dylib
0x00007fff6fd8d000 	/usr/lib/system/libxpc.dylib
0x00007fff6ce77000 	/usr/lib/libc++abi.dylib
0x00007fff6dc7c000 	/usr/lib/liblzma.5.dylib
0x00007fff6d8f7000 	/usr/lib/libfakelink.dylib
0x00007fff6cb9a000 	/usr/lib/libarchive.2.dylib
0x00007fff43391000 	/System/Library/Frameworks/SystemConfiguration.framework/Versions/A/SystemConfiguration
0x00007fff6c505000 	/usr/lib/libCRFSuite.dylib
0x00007fff341c0000 	/System/Library/Frameworks/CFNetwork.framework/Versions/A/CFNetwork
0x00007fff6ce06000 	/usr/lib/libbsm.0.dylib
0x00007fff6fb6f000 	/usr/lib/system/libkxld.dylib
0x00007fff492d3000 	/System/Library/PrivateFrameworks/AppleFSCompression.framework/Versions/A/AppleFSCompression
0x00007fff6d192000 	/usr/lib/libcoretls.dylib
0x00007fff6d1a9000 	/usr/lib/libcoretls_cfhelpers.dylib
0x00007fff6e9e4000 	/usr/lib/libpam.2.dylib
0x00007fff6eb19000 	/usr/lib/libsqlite3.dylib
0x00007fff6ef50000 	/usr/lib/libxar.1.dylib
0x00007fff6ce17000 	/usr/lib/libbz2.1.0.dylib
0x00007fff6d918000 	/usr/lib/libiconv.2.dylib
0x00007fff6ce8d000 	/usr/lib/libcharset.1.dylib
0x00007fff6e482000 	/usr/lib/libnetwork.dylib
0x00007fff6e9eb000 	/usr/lib/libpcap.A.dylib
0x00007fff6cb4f000 	/usr/lib/libapple_nghttp2.dylib
0x00007fff37124000 	/System/Library/Frameworks/CoreServices.framework/Versions/A/Frameworks/FSEvents.framework/Versions/A/FSEvents
0x00007fff36df4000 	/System/Library/Frameworks/CoreServices.framework/Versions/A/Frameworks/CarbonCore.framework/Versions/A/CarbonCore
0x00007fff37368000 	/System/Library/Frameworks/CoreServices.framework/Versions/A/Frameworks/Metadata.framework/Versions/A/Metadata
0x00007fff37401000 	/System/Library/Frameworks/CoreServices.framework/Versions/A/Frameworks/OSServices.framework/Versions/A/OSServices
0x00007fff3742f000 	/System/Library/Frameworks/CoreServices.framework/Versions/A/Frameworks/SearchKit.framework/Versions/A/SearchKit
0x00007fff36d6e000 	/System/Library/Frameworks/CoreServices.framework/Versions/A/Frameworks/AE.framework/Versions/A/AE
0x00007fff3712d000 	/System/Library/Frameworks/CoreServices.framework/Versions/A/Frameworks/LaunchServices.framework/Versions/A/LaunchServices
0x00007fff370d6000 	/System/Library/Frameworks/CoreServices.framework/Versions/A/Frameworks/DictionaryServices.framework/Versions/A/DictionaryServices
0x00007fff37497000 	/System/Library/Frameworks/CoreServices.framework/Versions/A/Frameworks/SharedFileList.framework/Versions/A/SharedFileList
0x00007fff3c32c000 	/System/Library/Frameworks/NetFS.framework/Versions/A/NetFS
0x00007fff5d05c000 	/System/Library/PrivateFrameworks/NetAuth.framework/Versions/A/NetAuth
0x00007fff699e5000 	/System/Library/PrivateFrameworks/login.framework/Versions/A/Frameworks/loginsupport.framework/Versions/A/loginsupport
0x00007fff662f2000 	/System/Library/PrivateFrameworks/TCC.framework/Versions/A/TCC
0x00007fff4df04000 	/System/Library/PrivateFrameworks/CoreNLP.framework/Versions/A/CoreNLP
0x00007fff5c517000 	/System/Library/PrivateFrameworks/MetadataUtilities.framework/Versions/A/MetadataUtilities
0x00007fff6dd54000 	/usr/lib/libmecabra.dylib
0x00007fff6dcac000 	/usr/lib/libmecab.dylib
0x00007fff6d908000 	/usr/lib/libgermantok.dylib
0x00007fff6cb36000 	/usr/lib/libThaiTokenizer.dylib
0x00007fff6c53c000 	/usr/lib/libChineseTokenizer.dylib
0x00007fff3158c000 	/System/Library/Frameworks/Accelerate.framework/Versions/A/Frameworks/vImage.framework/Versions/A/vImage
0x00007fff32a5a000 	/System/Library/Frameworks/Accelerate.framework/Versions/A/Frameworks/vecLib.framework/Versions/A/vecLib
0x00007fff328db000 	/System/Library/Frameworks/Accelerate.framework/Versions/A/Frameworks/vecLib.framework/Versions/A/libvMisc.dylib
0x00007fff32748000 	/System/Library/Frameworks/Accelerate.framework/Versions/A/Frameworks/vecLib.framework/Versions/A/libvDSP.dylib
0x00007fff31e28000 	/System/Library/Frameworks/Accelerate.framework/Versions/A/Frameworks/vecLib.framework/Versions/A/libBLAS.dylib
0x00007fff32300000 	/System/Library/Frameworks/Accelerate.framework/Versions/A/Frameworks/vecLib.framework/Versions/A/libLAPACK.dylib
0x00007fff326a8000 	/System/Library/Frameworks/Accelerate.framework/Versions/A/Frameworks/vecLib.framework/Versions/A/libLinearAlgebra.dylib
0x00007fff32735000 	/System/Library/Frameworks/Accelerate.framework/Versions/A/Frameworks/vecLib.framework/Versions/A/libSparseBLAS.dylib
0x00007fff326be000 	/System/Library/Frameworks/Accelerate.framework/Versions/A/Frameworks/vecLib.framework/Versions/A/libQuadrature.dylib
0x00007fff31fbe000 	/System/Library/Frameworks/Accelerate.framework/Versions/A/Frameworks/vecLib.framework/Versions/A/libBNNS.dylib
0x00007fff326c4000 	/System/Library/Frameworks/Accelerate.framework/Versions/A/Frameworks/vecLib.framework/Versions/A/libSparse.dylib
0x00007fff5b08b000 	/System/Library/PrivateFrameworks/LanguageModeling.framework/Versions/A/LanguageModeling
0x00007fff4d8b4000 	/System/Library/PrivateFrameworks/CoreEmoji.framework/Versions/A/CoreEmoji
0x00007fff5b1a9000 	/System/Library/PrivateFrameworks/LinguisticData.framework/Versions/A/LinguisticData
0x00007fff5b15a000 	/System/Library/PrivateFrameworks/Lexicon.framework/Versions/A/Lexicon
0x00007fff6ce8e000 	/usr/lib/libcmph.dylib
0x00007fff3ef1b000 	/System/Library/Frameworks/OpenDirectory.framework/Versions/A/Frameworks/CFOpenDirectory.framework/Versions/A/CFOpenDirectory
0x00007fff3ef38000 	/System/Library/Frameworks/OpenDirectory.framework/Versions/A/OpenDirectory
0x00007fff4737b000 	/System/Library/PrivateFrameworks/APFS.framework/Versions/A/APFS
0x00007fff4262a000 	/System/Library/Frameworks/SecurityFoundation.framework/Versions/A/SecurityFoundation
0x00007fff6ef4c000 	/usr/lib/libutil.dylib
0x00007fff4ede9000 	/System/Library/PrivateFrameworks/CoreServicesStore.framework/Versions/A/CoreServicesStore
0x00007fff426e1000 	/System/Library/Frameworks/ServiceManagement.framework/Versions/A/ServiceManagement
0x00007fff4aaa3000 	/System/Library/PrivateFrameworks/BackgroundTaskManagement.framework/Versions/A/BackgroundTaskManagement
0x00007fff6f049000 	/usr/lib/libxslt.1.dylib
0x00007fff49946000 	/System/Library/PrivateFrameworks/AppleSystemInfo.framework/Versions/A/AppleSystemInfo
0x00007fff38acf000 	/System/Library/Frameworks/ImageIO.framework/Versions/A/Resources/libJPEG.dylib
0x00007fff38d8f000 	/System/Library/Frameworks/ImageIO.framework/Versions/A/Resources/libTIFF.dylib
0x00007fff38d72000 	/System/Library/Frameworks/ImageIO.framework/Versions/A/Resources/libPng.dylib
0x00007fff38a11000 	/System/Library/Frameworks/ImageIO.framework/Versions/A/Resources/libGIF.dylib
0x00007fff38a15000 	/System/Library/Frameworks/ImageIO.framework/Versions/A/Resources/libJP2.dylib
0x00007fff38d8d000 	/System/Library/Frameworks/ImageIO.framework/Versions/A/Resources/libRadiance.dylib
0x00007fff6d8d1000 	/usr/lib/libexpat.1.dylib
0x00007fff4942e000 	/System/Library/PrivateFrameworks/AppleJPEG.framework/Versions/A/AppleJPEG
0x00007fff520ff000 	/System/Library/PrivateFrameworks/FontServices.framework/libFontParser.dylib
0x00007fff689e7000 	/System/Library/PrivateFrameworks/WatchdogClient.framework/Versions/A/WatchdogClient
0x00007fff5a6e6000 	/System/Library/PrivateFrameworks/IOAccelerator.framework/Versions/A/IOAccelerator
0x00007fff3b29c000 	/System/Library/Frameworks/MetalPerformanceShaders.framework/Versions/A/MetalPerformanceShaders
0x00007fff56e7c000 	/System/Library/PrivateFrameworks/GPUWrangler.framework/Versions/A/GPUWrangler
0x00007fff5a6fb000 	/System/Library/PrivateFrameworks/IOPresentment.framework/Versions/A/IOPresentment
0x00007fff4f969000 	/System/Library/PrivateFrameworks/DSExternalDisplay.framework/Versions/A/DSExternalDisplay
0x00007fff3f8ac000 	/System/Library/Frameworks/OpenGL.framework/Versions/A/Libraries/libCoreFSCache.dylib
0x00007fff3afe8000 	/System/Library/Frameworks/MetalPerformanceShaders.framework/Frameworks/MPSCore.framework/Versions/A/MPSCore
0x00007fff3b026000 	/System/Library/Frameworks/MetalPerformanceShaders.framework/Frameworks/MPSImage.framework/Versions/A/MPSImage
0x00007fff3b0ed000 	/System/Library/Frameworks/MetalPerformanceShaders.framework/Frameworks/MPSNeuralNetwork.framework/Versions/A/MPSNeuralNetwork
0x00007fff3b0b1000 	/System/Library/Frameworks/MetalPerformanceShaders.framework/Frameworks/MPSMatrix.framework/Versions/A/MPSMatrix
0x00007fff3b24c000 	/System/Library/Frameworks/MetalPerformanceShaders.framework/Frameworks/MPSRayIntersector.framework/Versions/A/MPSRayIntersector
0x00007fff3b0d7000 	/System/Library/Frameworks/MetalPerformanceShaders.framework/Frameworks/MPSNDArray.framework/Versions/A/MPSNDArray
0x00007fff5c564000 	/System/Library/PrivateFrameworks/MetalTools.framework/Versions/A/MetalTools
0x00007fff48555000 	/System/Library/PrivateFrameworks/AggregateDictionary.framework/Versions/A/AggregateDictionary
0x00007fff4d2fc000 	/System/Library/PrivateFrameworks/CoreAnalytics.framework/Versions/A/CoreAnalytics
0x00007fff49865000 	/System/Library/PrivateFrameworks/AppleSauce.framework/Versions/A/AppleSauce
0x00007fff6c7f8000 	/usr/lib/libIOReport.dylib
0x00007fff37998000 	/System/Library/Frameworks/CoreVideo.framework/Versions/A/CoreVideo
0x00007fff582f5000 	/System/Library/PrivateFrameworks/GraphVisualizer.framework/Versions/A/GraphVisualizer
0x00007fff51645000 	/System/Library/PrivateFrameworks/FaceCore.framework/Versions/A/FaceCore
0x00007fff3eec2000 	/System/Library/Frameworks/OpenCL.framework/Versions/A/OpenCL
0x00007fff6c61a000 	/usr/lib/libFosl_dynamic.dylib
0x00007fff5da7c000 	/System/Library/PrivateFrameworks/OTSVG.framework/Versions/A/OTSVG
0x00007fff33b19000 	/System/Library/Frameworks/ApplicationServices.framework/Versions/A/Frameworks/ATS.framework/Versions/A/Resources/libFontRegistry.dylib
0x00007fff522d0000 	/System/Library/PrivateFrameworks/FontServices.framework/libhvf.dylib
0x00007fff3f8b7000 	/System/Library/Frameworks/OpenGL.framework/Versions/A/Libraries/libGFXShared.dylib
0x00007fff3fa95000 	/System/Library/Frameworks/OpenGL.framework/Versions/A/Libraries/libGLU.dylib
0x00007fff3f8c0000 	/System/Library/Frameworks/OpenGL.framework/Versions/A/Libraries/libGL.dylib
0x00007fff3f8cb000 	/System/Library/Frameworks/OpenGL.framework/Versions/A/Libraries/libGLImage.dylib
0x00007fff3f8a9000 	/System/Library/Frameworks/OpenGL.framework/Versions/A/Libraries/libCVMSPluginSupport.dylib
0x00007fff3f8b2000 	/System/Library/Frameworks/OpenGL.framework/Versions/A/Libraries/libCoreVMClient.dylib
0x00007fff6e323000 	/usr/lib/libncurses.5.4.dylib
0x00007fff33a15000 	/System/Library/Frameworks/ApplicationServices.framework/Versions/A/Frameworks/ATS.framework/Versions/A/ATS
0x00007fff33be2000 	/System/Library/Frameworks/ApplicationServices.framework/Versions/A/Frameworks/ColorSyncLegacy.framework/Versions/A/ColorSyncLegacy
0x00007fff33c80000 	/System/Library/Frameworks/ApplicationServices.framework/Versions/A/Frameworks/HIServices.framework/Versions/A/HIServices
0x00007fff33cd8000 	/System/Library/Frameworks/ApplicationServices.framework/Versions/A/Frameworks/LangAnalysis.framework/Versions/A/LangAnalysis
0x00007fff33ce7000 	/System/Library/Frameworks/ApplicationServices.framework/Versions/A/Frameworks/PrintCore.framework/Versions/A/PrintCore
0x00007fff33d2d000 	/System/Library/Frameworks/ApplicationServices.framework/Versions/A/Frameworks/QD.framework/Versions/A/QD
0x00007fff33d38000 	/System/Library/Frameworks/ApplicationServices.framework/Versions/A/Frameworks/SpeechSynthesis.framework/Versions/A/SpeechSynthesis
0x00007fff33bb2000 	/System/Library/Frameworks/ApplicationServices.framework/Versions/A/Frameworks/ATSUI.framework/Versions/A/ATSUI
0x00007fff6d767000 	/usr/lib/libcups.2.dylib
0x00007fff3a337000 	/System/Library/Frameworks/Kerberos.framework/Versions/A/Kerberos
0x00007fff38474000 	/System/Library/Frameworks/GSS.framework/Versions/A/GSS
0x00007fff6eaa5000 	/usr/lib/libresolv.9.dylib
0x00007fff584a2000 	/System/Library/PrivateFrameworks/Heimdal.framework/Versions/A/Heimdal
0x00007fff3a34a000 	/System/Library/Frameworks/Kerberos.framework/Versions/A/Libraries/libHeimdalProxy.dylib
0x00007fff6d90e000 	/usr/lib/libheimdal-asn1.dylib
0x00007fff4c794000 	/System/Library/PrivateFrameworks/CommonAuth.framework/Versions/A/CommonAuth
0x00007fff499e3000 	/System/Library/PrivateFrameworks/AssertionServices.framework/Versions/A/AssertionServices
0x00007fff4a586000 	/System/Library/PrivateFrameworks/AudioToolboxCore.framework/Versions/A/AudioToolboxCore
0x00007fff69695000 	/System/Library/PrivateFrameworks/caulk.framework/Versions/A/caulk
0x00007fff4ab4f000 	/System/Library/PrivateFrameworks/BaseBoard.framework/Versions/A/BaseBoard
0x00007fff61cdf000 	/System/Library/PrivateFrameworks/RunningBoardServices.framework/Versions/A/RunningBoardServices
0x00007fff5ecf0000 	/System/Library/PrivateFrameworks/PersistentConnection.framework/Versions/A/PersistentConnection
0x00007fff616d8000 	/System/Library/PrivateFrameworks/ProtocolBuffer.framework/Versions/A/ProtocolBuffer
0x00007fff4c7b8000 	/System/Library/PrivateFrameworks/CommonUtilities.framework/Versions/A/CommonUtilities
0x00007fff4acdd000 	/System/Library/PrivateFrameworks/Bom.framework/Versions/A/Bom
0x00007fff6c4cb000 	/usr/lib/libAudioToolboxUtility.dylib
0x00007fff4aaad000 	/System/Library/PrivateFrameworks/Backup.framework/Versions/A/Backup
0x00007fff4f88a000 	/System/Library/PrivateFrameworks/CrashReporterSupport.framework/Versions/A/CrashReporterSupport
0x00007fff63771000 	/System/Library/PrivateFrameworks/Sharing.framework/Versions/A/Sharing
0x00007fff48ff1000 	/System/Library/PrivateFrameworks/Apple80211.framework/Versions/A/Apple80211
0x00007fff4a7ca000 	/System/Library/PrivateFrameworks/AuthKit.framework/Versions/A/AuthKit
0x00007fff4f597000 	/System/Library/PrivateFrameworks/CoreUtils.framework/Versions/A/CoreUtils
0x00007fff379dd000 	/System/Library/Frameworks/CoreWLAN.framework/Versions/A/CoreWLAN
0x00007fff38601000 	/System/Library/Frameworks/IOBluetooth.framework/Versions/A/IOBluetooth
0x00007fff5c8ab000 	/System/Library/PrivateFrameworks/MobileKeyBag.framework/Versions/A/MobileKeyBag
0x00007fff4e39c000 	/System/Library/PrivateFrameworks/CorePhoneNumbers.framework/Versions/A/CorePhoneNumbers
0x00007fff493e1000 	/System/Library/PrivateFrameworks/AppleIDAuthSupport.framework/Versions/A/AppleIDAuthSupport
0x00007fff3c339000 	/System/Library/Frameworks/Network.framework/Versions/A/Network
0x00007fff5af37000 	/System/Library/PrivateFrameworks/KeychainCircle.framework/Versions/A/KeychainCircle
0x00007fff353fa000 	/System/Library/Frameworks/CoreBluetooth.framework/Versions/A/CoreBluetooth
0x00007fff657f0000 	/System/Library/PrivateFrameworks/SpeechRecognitionCore.framework/Versions/A/SpeechRecognitionCore
0x0000000102c00000 	/Library/Java/JavaVirtualMachines/jdk1.8.0_291.jdk/Contents/Home/jre/lib/server/libjvm.dylib
0x00000001022e7000 	/Library/Java/JavaVirtualMachines/jdk1.8.0_291.jdk/Contents/Home/jre/lib/libverify.dylib
0x00000001022f8000 	/Library/Java/JavaVirtualMachines/jdk1.8.0_291.jdk/Contents/Home/jre/lib/libjava.dylib
0x0000000102375000 	/Library/Java/JavaVirtualMachines/jdk1.8.0_291.jdk/Contents/Home/jre/lib/libzip.dylib

VM Arguments:
jvm_args: -Xms64M -Xmx1600M -XX:ThreadStackSize=1536 -Xbootclasspath/p:/Users/pojavlauncher/Documents/android-openjdk-build-multiarch/openjdk/build/macosx-aarch64-normal-server-release/langtools/dist/bootstrap/lib/javac.jar 
java_command: com.sun.tools.javac.Main -XDignore.symbol.file=true -Xlint:all,-deprecation,-unchecked,-rawtypes,-cast,-serial,-dep-ann,-static,-fallthrough -g -implicit:none -sourcepath /Users/pojavlauncher/Documents/android-openjdk-build-multiarch/openjdk/jaxp/src -d /Users/pojavlauncher/Documents/android-openjdk-build-multiarch/openjdk/build/macosx-aarch64-normal-server-release/jaxp/classes @/Users/pojavlauncher/Documents/android-openjdk-build-multiarch/openjdk/build/macosx-aarch64-normal-server-release/jaxp/classes/_the.BUILD_JAXP_batch.tmp
java_class_path (initial): /Users/pojavlauncher/Documents/android-openjdk-build-multiarch/openjdk/build/macosx-aarch64-normal-server-release/langtools/dist/bootstrap/lib/javac.jar
Launcher Type: SUN_STANDARD

Environment Variables:
PATH=/usr/local/bin:/usr/bin:/bin:/usr/sbin:/sbin:/Library/Apple/usr/bin
SHELL=/bin/zsh

Signal Handlers:
SIGSEGV: [libjvm.dylib+0x59afc1], sa_mask[0]=11111111011111110111111111111111, sa_flags=SA_ONSTACK|SA_RESTART|SA_SIGINFO
SIGBUS: [libjvm.dylib+0x59afc1], sa_mask[0]=11111111011111110111111111111111, sa_flags=SA_RESTART|SA_SIGINFO
SIGFPE: [libjvm.dylib+0x48e907], sa_mask[0]=11111111011111110111111111111111, sa_flags=SA_RESTART|SA_SIGINFO
SIGPIPE: [libjvm.dylib+0x48e907], sa_mask[0]=11111111011111110111111111111111, sa_flags=SA_RESTART|SA_SIGINFO
SIGXFSZ: [libjvm.dylib+0x48e907], sa_mask[0]=11111111011111110111111111111111, sa_flags=SA_RESTART|SA_SIGINFO
SIGILL: [libjvm.dylib+0x48e907], sa_mask[0]=11111111011111110111111111111111, sa_flags=SA_RESTART|SA_SIGINFO
SIGUSR1: SIG_DFL, sa_mask[0]=00000000000000000000000000000000, sa_flags=none
SIGUSR2: [libjvm.dylib+0x48f1f6], sa_mask[0]=00000000000000000000000000000000, sa_flags=SA_RESTART|SA_SIGINFO
SIGHUP: [libjvm.dylib+0x48d453], sa_mask[0]=11111111011111110111111111111111, sa_flags=SA_RESTART|SA_SIGINFO
SIGINT: [libjvm.dylib+0x48d453], sa_mask[0]=11111111011111110111111111111111, sa_flags=SA_RESTART|SA_SIGINFO
SIGTERM: [libjvm.dylib+0x48d453], sa_mask[0]=11111111011111110111111111111111, sa_flags=SA_RESTART|SA_SIGINFO
SIGQUIT: [libjvm.dylib+0x48d453], sa_mask[0]=11111111011111110111111111111111, sa_flags=SA_RESTART|SA_SIGINFO


---------------  S Y S T E M  ---------------

OS:Bsduname:Darwin 19.6.0 Darwin Kernel Version 19.6.0: Thu Oct 29 22:56:45 PDT 2020; root:xnu-6153.141.2.2~1/RELEASE_X86_64 x86_64
rlimit: STACK 65532k, CORE 0k, NPROC 1392, NOFILE 10240, AS infinity
load average:7.88 5.04 3.59

CPU:total 4 (initial active 4) (4 cores per cpu, 1 threads per core) family 6 model 23 stepping 3, cmov, cx8, fxsr, mmx, sse, sse2, sse3, ssse3, sse4.1, sse4.2, popcnt, avx, aes, tsc, tscinvbit

Memory: 4k page, physical 4194304k(268120k free)

/proc/meminfo:


vm_info: Java HotSpot(TM) 64-Bit Server VM (25.291-b10) for bsd-amd64 JRE (1.8.0_291-b10), built on Apr  8 2021 02:17:24 by "java_re" with gcc 4.2.1 Compatible Apple LLVM 11.0.0 (clang-1100.0.33.17)

time: Tue May 11 07:08:42 2021
timezone: +07
elapsed time: 11.790956 seconds (0d 0h 0m 11s)

