#
# A fatal error has been detected by the Java Runtime Environment:
#
#  SIGSEGV (0xb) at pc=0x0000000114a8be4e, pid=5829, tid=0x0000000000001003
#
# JRE version: Java(TM) SE Runtime Environment (8.0_291-b10) (build 1.8.0_291-b10)
# Java VM: Java HotSpot(TM) 64-Bit Server VM (25.291-b10 mixed mode bsd-amd64 compressed oops)
# Problematic frame:
# J 2454 C1 com.sun.tools.javac.comp.Resolve.signatureMoreSpecific(Lcom/sun/tools/javac/util/List;Lcom/sun/tools/javac/comp/Env;Lcom/sun/tools/javac/code/Type;Lcom/sun/tools/javac/code/Symbol;Lcom/sun/tools/javac/code/Symbol;ZZ)Z (194 bytes) @ 0x0000000114a8be4e [0x0000000114a8bd60+0xee]
#
# Failed to write core dump. Core dumps have been disabled. To enable core dumping, try "ulimit -c unlimited" before starting Java again
#
# If you would like to submit a bug report, please visit:
#   http://bugreport.java.com/bugreport/crash.jsp
#

---------------  T H R E A D  ---------------

Current thread (0x00007fb90a009000):  JavaThread "main" [_thread_in_Java, id=4099, stack(0x0000700002a8b000,0x0000700002b8b000)]

siginfo: si_signo: 11 (SIGSEGV), si_code: 0 (unknown), si_addr: 0x0000000000000000

Registers:
RAX=0x00000007c0044550, RBX=0x000000075d7b85f8, RCX=0x00000007a831de50, RDX=0x00000007a14aea38
RSP=0x0000700002b88990, RBP=0x0000700002b89318, RSI=0x00000000f4119954, RDI=0x00000007a08ccb78
R8 =0x000000075d7501c8, R9 =0x00000007a08ccac0, R10=0x0000000000000000, R11=0x0000000000000000
R12=0x0000000000000000, R13=0x00000007a08ccac0, R14=0x00000007a08ccb78, R15=0x00007fb90a009000
RIP=0x0000000114a8be4e, EFLAGS=0x0000000000010206, ERR=0x0000000000000000
  TRAPNO=0x000000000000000d

Top of Stack: (sp=0x0000700002b88990)
0x0000700002b88990:   0000700000000000 0000700002b89318
0x0000700002b889a0:   0000700002b88e60 00000007a14aecc8
0x0000700002b889b0:   000000075d7b83d0 00000007a08cca88
0x0000700002b889c0:   0000700002b89318 0000000114945174
0x0000700002b889d0:   0000700002b89318 00000001143c0b3c
0x0000700002b889e0:   000000011138b760 000000075d7501f8
0x0000700002b889f0:   000000075d746590 0000000700000001
0x0000700002b88a00:   00000007a08ccac0 0000000000000000
0x0000700002b88a10:   0000700002b89318 000000011494c514
0x0000700002b88a20:   0000000000000000 0000000000000000
0x0000700002b88a30:   0000700002b893e0 00007fb908704740
0x0000700002b88a40:   000000075d7b85f8 00000007a08ccac0
0x0000700002b88a50:   00000007a14aea38 00000007a08ccb78
0x0000700002b88a60:   000000075d7466d8 000000075d7501c8
0x0000700002b88a70:   00000007a831de50 00007fb90a009000
0x0000700002b88a80:   000000b6000000b6 00000001113913d8
0x0000700002b88a90:   00007fb90a009000 00000001143c0b3c
0x0000700002b88aa0:   0000000114ae3110 000000001364c5c8
0x0000700002b88ab0:   0000700002b89318 0000000114aad9cc
0x0000700002b88ac0:   0000000700000000 0000000700000000
0x0000700002b88ad0:   00000007a14aea38 00000007a831de50
0x0000700002b88ae0:   0000000000000000 000000075d6ce5e8
0x0000700002b88af0:   00000007a08ccaa0 00000001113913d8
0x0000700002b88b00:   0000700002b89318 00000007a08ccac0
0x0000700002b88b10:   000000075d7501c8 000000075d7466d8
0x0000700002b88b20:   000000075d7501c8 00000007a831de50
0x0000700002b88b30:   0000000000000000 000000075d7b8260
0x0000700002b88b40:   00000001113913d8 00007fb90a009000
0x0000700002b88b50:   00000007a14aea38 00000007a08ccac0
0x0000700002b88b60:   00000007a831de50 000000075d7501c8
0x0000700002b88b70:   000000075d7466d8 00000001143c551c
0x0000700002b88b80:   00007fb90a009000 00000007a14aea38 

Instructions: (pc=0x0000000114a8be4e)
0x0000000114a8be2e:   00 e8 2c af fe ff 48 8b 9c 24 b0 00 00 00 c6 43
0x0000000114a8be3e:   0c 00 4c 8b 8c 24 b8 00 00 00 41 8b 71 1c 08 c1
0x0000000114a8be4e:   e6 03 90 90 90 90 90 48 b8 d0 f6 06 c0 07 00 00
0x0000000114a8be5e:   00 e8 3c 81 ce ff 48 3b 00 be 00 00 00 00 e9 3e 

Register to memory mapping:

RAX=0x00000007c0044550 is pointing into metadata
RBX=0x000000075d7b85f8 is an oop
com.sun.tools.javac.util.Warner 
 - klass: 'com/sun/tools/javac/util/Warner'
RCX=0x00000007a831de50 is an oop
com.sun.tools.javac.comp.Env 
 - klass: 'com/sun/tools/javac/comp/Env'
RDX=0x00000007a14aea38 is an oop
com.sun.tools.javac.util.List 
 - klass: 'com/sun/tools/javac/util/List'
RSP=0x0000700002b88990 is pointing into the stack for thread: 0x00007fb90a009000
RBP=0x0000700002b89318 is pointing into the stack for thread: 0x00007fb90a009000
RSI=0x00000000f4119954 is an unknown value
RDI=0x00000007a08ccb78 is an oop
com.sun.tools.javac.code.Symbol$MethodSymbol 
 - klass: 'com/sun/tools/javac/code/Symbol$MethodSymbol'
R8 =0x000000075d7501c8 is an oop
com.sun.tools.javac.code.Type$ClassType 
 - klass: 'com/sun/tools/javac/code/Type$ClassType'
R9 =0x00000007a08ccac0 is an oop
com.sun.tools.javac.code.Symbol$MethodSymbol 
 - klass: 'com/sun/tools/javac/code/Symbol$MethodSymbol'
R10=0x0000000000000000 is an unknown value
R11=0x0000000000000000 is an unknown value
R12=0x0000000000000000 is an unknown value
R13=0x00000007a08ccac0 is an oop
com.sun.tools.javac.code.Symbol$MethodSymbol 
 - klass: 'com/sun/tools/javac/code/Symbol$MethodSymbol'
R14=0x00000007a08ccb78 is an oop
com.sun.tools.javac.code.Symbol$MethodSymbol 
 - klass: 'com/sun/tools/javac/code/Symbol$MethodSymbol'
R15=0x00007fb90a009000 is a thread


Stack: [0x0000700002a8b000,0x0000700002b8b000],  sp=0x0000700002b88990,  free space=1014k
Native frames: (J=compiled Java code, j=interpreted, Vv=VM code, C=native code)
J 2454 C1 com.sun.tools.javac.comp.Resolve.signatureMoreSpecific(Lcom/sun/tools/javac/util/List;Lcom/sun/tools/javac/comp/Env;Lcom/sun/tools/javac/code/Type;Lcom/sun/tools/javac/code/Symbol;Lcom/sun/tools/javac/code/Symbol;ZZ)Z (194 bytes) @ 0x0000000114a8be4e [0x0000000114a8bd60+0xee]
J 2491 C1 com.sun.tools.javac.comp.Resolve.mostSpecific(Lcom/sun/tools/javac/util/List;Lcom/sun/tools/javac/code/Symbol;Lcom/sun/tools/javac/code/Symbol;Lcom/sun/tools/javac/comp/Env;Lcom/sun/tools/javac/code/Type;ZZ)Lcom/sun/tools/javac/code/Symbol; (540 bytes) @ 0x0000000114aad9cc [0x0000000114aad600+0x3cc]
J 1890 C1 com.sun.tools.javac.comp.Resolve.selectBest(Lcom/sun/tools/javac/comp/Env;Lcom/sun/tools/javac/code/Type;Lcom/sun/tools/javac/util/List;Lcom/sun/tools/javac/util/List;Lcom/sun/tools/javac/code/Symbol;Lcom/sun/tools/javac/code/Symbol;ZZZ)Lcom/sun/tools/javac/code/Symbol; (331 bytes) @ 0x00000001149536d4 [0x0000000114952f80+0x754]
J 1886 C1 com.sun.tools.javac.comp.Resolve.findMethodInScope(Lcom/sun/tools/javac/comp/Env;Lcom/sun/tools/javac/code/Type;Lcom/sun/tools/javac/util/Name;Lcom/sun/tools/javac/util/List;Lcom/sun/tools/javac/util/List;Lcom/sun/tools/javac/code/Scope;Lcom/sun/tools/javac/code/Symbol;ZZZZ)Lcom/sun/tools/javac/code/Symbol; (73 bytes) @ 0x0000000114952234 [0x0000000114952040+0x1f4]
J 2203 C1 com.sun.tools.javac.comp.Resolve.findMethod(Lcom/sun/tools/javac/comp/Env;Lcom/sun/tools/javac/code/Type;Lcom/sun/tools/javac/util/Name;Lcom/sun/tools/javac/util/List;Lcom/sun/tools/javac/util/List;Lcom/sun/tools/javac/code/Type;Lcom/sun/tools/javac/code/Symbol;ZZZ)Lcom/sun/tools/javac/code/Symbol; (432 bytes) @ 0x00000001149e512c [0x00000001149e4d80+0x3ac]
J 2242 C1 com.sun.tools.javac.comp.Resolve.findMethod(Lcom/sun/tools/javac/comp/Env;Lcom/sun/tools/javac/code/Type;Lcom/sun/tools/javac/util/Name;Lcom/sun/tools/javac/util/List;Lcom/sun/tools/javac/util/List;ZZZ)Lcom/sun/tools/javac/code/Symbol; (37 bytes) @ 0x00000001149fa3a4 [0x00000001149fa300+0xa4]
J 2299 C1 com.sun.tools.javac.comp.Resolve$9.doLookup(Lcom/sun/tools/javac/comp/Env;Lcom/sun/tools/javac/comp/Resolve$MethodResolutionPhase;)Lcom/sun/tools/javac/code/Symbol; (34 bytes) @ 0x0000000114a185fc [0x0000000114a18540+0xbc]
J 2246 C1 com.sun.tools.javac.comp.Resolve$BasicLookupHelper.lookup(Lcom/sun/tools/javac/comp/Env;Lcom/sun/tools/javac/comp/Resolve$MethodResolutionPhase;)Lcom/sun/tools/javac/code/Symbol; (38 bytes) @ 0x00000001149fec14 [0x00000001149feba0+0x74]
J 2243 C1 com.sun.tools.javac.comp.Resolve.lookupMethod(Lcom/sun/tools/javac/comp/Env;Lcom/sun/tools/javac/util/JCDiagnostic$DiagnosticPosition;Lcom/sun/tools/javac/code/Symbol;Lcom/sun/tools/javac/comp/Resolve$MethodResolutionContext;Lcom/sun/tools/javac/comp/Resolve$LookupHelper;)Lcom/sun/tools/javac/code/Symbol; (190 bytes) @ 0x00000001149f3fc4 [0x00000001149f3ce0+0x2e4]
j  com.sun.tools.javac.comp.Resolve.resolveQualifiedMethod(Lcom/sun/tools/javac/comp/Resolve$MethodResolutionContext;Lcom/sun/tools/javac/util/JCDiagnostic$DiagnosticPosition;Lcom/sun/tools/javac/comp/Env;Lcom/sun/tools/javac/code/Symbol;Lcom/sun/tools/javac/code/Type;Lcom/sun/tools/javac/util/Name;Lcom/sun/tools/javac/util/List;Lcom/sun/tools/javac/util/List;)Lcom/sun/tools/javac/code/Symbol;+22
j  com.sun.tools.javac.comp.Resolve.resolveInternalMethod(Lcom/sun/tools/javac/util/JCDiagnostic$DiagnosticPosition;Lcom/sun/tools/javac/comp/Env;Lcom/sun/tools/javac/code/Type;Lcom/sun/tools/javac/util/Name;Lcom/sun/tools/javac/util/List;Lcom/sun/tools/javac/util/List;)Lcom/sun/tools/javac/code/Symbol$MethodSymbol;+33
j  com.sun.tools.javac.jvm.Gen.getStringBufferAppend(Lcom/sun/tools/javac/tree/JCTree;Lcom/sun/tools/javac/code/Type;)Lcom/sun/tools/javac/code/Symbol;+53
j  com.sun.tools.javac.jvm.Gen.appendString(Lcom/sun/tools/javac/tree/JCTree;)V+47
j  com.sun.tools.javac.jvm.Gen.appendStrings(Lcom/sun/tools/javac/tree/JCTree;)V+90
j  com.sun.tools.javac.jvm.Gen.appendStrings(Lcom/sun/tools/javac/tree/JCTree;)V+71
j  com.sun.tools.javac.jvm.Gen.visitBinary(Lcom/sun/tools/javac/tree/JCTree$JCBinary;)V+28
J 1485 C1 com.sun.tools.javac.tree.JCTree$JCBinary.accept(Lcom/sun/tools/javac/tree/JCTree$Visitor;)V (6 bytes) @ 0x000000011431428c [0x0000000114314180+0x10c]
J 2111 C1 com.sun.tools.javac.jvm.Gen.genExpr(Lcom/sun/tools/javac/tree/JCTree;Lcom/sun/tools/javac/code/Type;)Lcom/sun/tools/javac/jvm/Items$Item; (146 bytes) @ 0x00000001149b2b4c [0x00000001149b28a0+0x2ac]
j  com.sun.tools.javac.jvm.Gen.genArgs(Lcom/sun/tools/javac/util/List;Lcom/sun/tools/javac/util/List;)V+24
j  com.sun.tools.javac.jvm.Gen.visitNewClass(Lcom/sun/tools/javac/tree/JCTree$JCNewClass;)V+80
J 1781 C1 com.sun.tools.javac.tree.JCTree$JCNewClass.accept(Lcom/sun/tools/javac/tree/JCTree$Visitor;)V (6 bytes) @ 0x00000001143d3c34 [0x00000001143d3bc0+0x74]
J 2111 C1 com.sun.tools.javac.jvm.Gen.genExpr(Lcom/sun/tools/javac/tree/JCTree;Lcom/sun/tools/javac/code/Type;)Lcom/sun/tools/javac/jvm/Items$Item; (146 bytes) @ 0x00000001149b2b4c [0x00000001149b28a0+0x2ac]
j  com.sun.tools.javac.jvm.Gen.visitThrow(Lcom/sun/tools/javac/tree/JCTree$JCThrow;)V+12
J 2308 C1 com.sun.tools.javac.tree.JCTree$JCThrow.accept(Lcom/sun/tools/javac/tree/JCTree$Visitor;)V (6 bytes) @ 0x0000000114a24eb4 [0x0000000114a24e40+0x74]
J 2131 C1 com.sun.tools.javac.jvm.Gen.genDef(Lcom/sun/tools/javac/tree/JCTree;Lcom/sun/tools/javac/comp/Env;)V (58 bytes) @ 0x00000001149c48ec [0x00000001149c4840+0xac]
J 2141 C1 com.sun.tools.javac.jvm.Gen.genStat(Lcom/sun/tools/javac/tree/JCTree;Lcom/sun/tools/javac/comp/Env;)V (69 bytes) @ 0x00000001149c7bb4 [0x00000001149c7920+0x294]
J 2125 C1 com.sun.tools.javac.jvm.Gen.genStat(Lcom/sun/tools/javac/tree/JCTree;Lcom/sun/tools/javac/comp/Env;I)V (65 bytes) @ 0x00000001149c191c [0x00000001149c16a0+0x27c]
j  com.sun.tools.javac.jvm.Gen.visitIf(Lcom/sun/tools/javac/tree/JCTree$JCIf;)V+63
J 2016 C1 com.sun.tools.javac.tree.JCTree$JCIf.accept(Lcom/sun/tools/javac/tree/JCTree$Visitor;)V (6 bytes) @ 0x0000000114983334 [0x00000001149832c0+0x74]
J 2131 C1 com.sun.tools.javac.jvm.Gen.genDef(Lcom/sun/tools/javac/tree/JCTree;Lcom/sun/tools/javac/comp/Env;)V (58 bytes) @ 0x00000001149c48ec [0x00000001149c4840+0xac]
J 2141 C1 com.sun.tools.javac.jvm.Gen.genStat(Lcom/sun/tools/javac/tree/JCTree;Lcom/sun/tools/javac/comp/Env;)V (69 bytes) @ 0x00000001149c7bb4 [0x00000001149c7920+0x294]
J 2125 C1 com.sun.tools.javac.jvm.Gen.genStat(Lcom/sun/tools/javac/tree/JCTree;Lcom/sun/tools/javac/comp/Env;I)V (65 bytes) @ 0x00000001149c191c [0x00000001149c16a0+0x27c]
j  com.sun.tools.javac.jvm.Gen.genStats(Lcom/sun/tools/javac/util/List;Lcom/sun/tools/javac/comp/Env;)V+19
j  com.sun.tools.javac.jvm.Gen.visitBlock(Lcom/sun/tools/javac/tree/JCTree$JCBlock;)V+30
J 1737 C1 com.sun.tools.javac.tree.JCTree$JCBlock.accept(Lcom/sun/tools/javac/tree/JCTree$Visitor;)V (6 bytes) @ 0x00000001145080b4 [0x0000000114508040+0x74]
J 2131 C1 com.sun.tools.javac.jvm.Gen.genDef(Lcom/sun/tools/javac/tree/JCTree;Lcom/sun/tools/javac/comp/Env;)V (58 bytes) @ 0x00000001149c48ec [0x00000001149c4840+0xac]
J 2141 C1 com.sun.tools.javac.jvm.Gen.genStat(Lcom/sun/tools/javac/tree/JCTree;Lcom/sun/tools/javac/comp/Env;)V (69 bytes) @ 0x00000001149c7bb4 [0x00000001149c7920+0x294]
j  com.sun.tools.javac.jvm.Gen.genMethod(Lcom/sun/tools/javac/tree/JCTree$JCMethodDecl;Lcom/sun/tools/javac/comp/Env;Z)V+152
j  com.sun.tools.javac.jvm.Gen.visitMethodDef(Lcom/sun/tools/javac/tree/JCTree$JCMethodDecl;)V+55
J 1413 C1 com.sun.tools.javac.tree.JCTree$JCMethodDecl.accept(Lcom/sun/tools/javac/tree/JCTree$Visitor;)V (6 bytes) @ 0x0000000114862a0c [0x0000000114862900+0x10c]
J 2131 C1 com.sun.tools.javac.jvm.Gen.genDef(Lcom/sun/tools/javac/tree/JCTree;Lcom/sun/tools/javac/comp/Env;)V (58 bytes) @ 0x00000001149c48ec [0x00000001149c4840+0xac]
j  com.sun.tools.javac.jvm.Gen.genClass(Lcom/sun/tools/javac/comp/Env;Lcom/sun/tools/javac/tree/JCTree$JCClassDecl;)Z+157
j  com.sun.tools.javac.main.JavaCompiler.genCode(Lcom/sun/tools/javac/comp/Env;Lcom/sun/tools/javac/tree/JCTree$JCClassDecl;)Ljavax/tools/JavaFileObject;+6
j  com.sun.tools.javac.main.JavaCompiler.generate(Ljava/util/Queue;Ljava/util/Queue;)V+302
j  com.sun.tools.javac.main.JavaCompiler.generate(Ljava/util/Queue;)V+3
j  com.sun.tools.javac.main.JavaCompiler.compile2()V+186
j  com.sun.tools.javac.main.JavaCompiler.compile(Lcom/sun/tools/javac/util/List;Lcom/sun/tools/javac/util/List;Ljava/lang/Iterable;)V+165
j  com.sun.tools.javac.main.Main.compile([Ljava/lang/String;[Ljava/lang/String;Lcom/sun/tools/javac/util/Context;Lcom/sun/tools/javac/util/List;Ljava/lang/Iterable;)Lcom/sun/tools/javac/main/Main$Result;+1299
j  com.sun.tools.javac.main.Main.compile([Ljava/lang/String;Lcom/sun/tools/javac/util/Context;Lcom/sun/tools/javac/util/List;Ljava/lang/Iterable;)Lcom/sun/tools/javac/main/Main$Result;+7
j  com.sun.tools.javac.main.Main.compile([Ljava/lang/String;Lcom/sun/tools/javac/util/Context;)Lcom/sun/tools/javac/main/Main$Result;+7
j  com.sun.tools.javac.main.Main.compile([Ljava/lang/String;)Lcom/sun/tools/javac/main/Main$Result;+15
j  com.sun.tools.javac.Main.compile([Ljava/lang/String;)I+12
j  com.sun.tools.javac.Main.main([Ljava/lang/String;)V+1
v  ~StubRoutines::call_stub
V  [libjvm.dylib+0x2d5933]  JavaCalls::call_helper(JavaValue*, methodHandle*, JavaCallArguments*, Thread*)+0x689
V  [libjvm.dylib+0x306266]  jni_invoke_static(JNIEnv_*, JavaValue*, _jobject*, JNICallType, _jmethodID*, JNI_ArgumentPusher*, Thread*)+0x248
V  [libjvm.dylib+0x3098d1]  jni_CallStaticVoidMethod+0x1f6
C  [java+0x3858]  JavaMain+0x9bb
C  [libsystem_pthread.dylib+0x6109]  _pthread_start+0x94
C  [libsystem_pthread.dylib+0x1b8b]  thread_start+0xf
C  0x0000000000000000


---------------  P R O C E S S  ---------------

Java Threads: ( => current thread )
  0x00007fb90a01b800 JavaThread "Service Thread" daemon [_thread_blocked, id=15107, stack(0x0000700003935000,0x0000700003ab5000)]
  0x00007fb90a01b000 JavaThread "C1 CompilerThread2" daemon [_thread_blocked, id=14595, stack(0x0000700003832000,0x0000700003932000)]
  0x00007fb908873800 JavaThread "C2 CompilerThread1" daemon [_thread_in_native, id=18947, stack(0x000070000372f000,0x000070000382f000)]
  0x00007fb90a01a000 JavaThread "C2 CompilerThread0" daemon [_thread_in_native, id=14083, stack(0x000070000362c000,0x000070000372c000)]
  0x00007fb90a009800 JavaThread "Signal Dispatcher" daemon [_thread_blocked, id=13571, stack(0x00007000034a9000,0x0000700003629000)]
  0x00007fb909013000 JavaThread "Finalizer" daemon [_thread_blocked, id=20739, stack(0x0000700003220000,0x00007000033a0000)]
  0x00007fb909853000 JavaThread "Reference Handler" daemon [_thread_blocked, id=11267, stack(0x000070000309d000,0x000070000321d000)]
=>0x00007fb90a009000 JavaThread "main" [_thread_in_Java, id=4099, stack(0x0000700002a8b000,0x0000700002b8b000)]

Other Threads:
  0x00007fb90984c000 VMThread [stack: 0x0000700002f9a000,0x000070000309a000] [id=11011]
  0x00007fb90a017800 WatcherThread [stack: 0x0000700003ab8000,0x0000700003bb8000] [id=18435]

VM state:not at safepoint (normal execution)

VM Mutex/Monitor currently owned by a thread: None

heap address: 0x000000075c000000, size: 1600 MB, Compressed Oops mode: Zero based, Oop shift amount: 3
Narrow klass base: 0x0000000000000000, Narrow klass shift: 3
Compressed class space size: 1073741824 Address: 0x00000007c0000000

Heap:
 PSYoungGen      total 108544K, used 68163K [0x000000079eb00000, 0x00000007a9700000, 0x00000007c0000000)
  eden space 83968K, 51% used [0x000000079eb00000,0x00000007a1597730,0x00000007a3d00000)
  from space 24576K, 99% used [0x00000007a7f00000,0x00000007a96f9588,0x00000007a9700000)
  to   space 29696K, 0% used [0x00000007a5d00000,0x00000007a5d00000,0x00000007a7a00000)
 ParOldGen       total 87040K, used 46660K [0x000000075c000000, 0x0000000761500000, 0x000000079eb00000)
  object space 87040K, 53% used [0x000000075c000000,0x000000075ed913d8,0x0000000761500000)
 Metaspace       used 10349K, capacity 10392K, committed 10624K, reserved 1058816K
  class space    used 1031K, capacity 1032K, committed 1152K, reserved 1048576K

Card table byte_map: [0x000000010d5c4000,0x000000010d8e5000] byte_map_base: 0x0000000109ae4000

Marking Bits: (ParMarkBitMap*) 0x000000010cb23288
 Begin Bits: [0x000000010dafb000, 0x000000010f3fb000)
 End Bits:   [0x000000010f3fb000, 0x0000000110cfb000)

Polling page: 0x000000010bb91000

CodeCache: size=245760Kb used=8928Kb max_used=9182Kb free=236831Kb
 bounds [0x0000000114202000, 0x0000000114b02000, 0x0000000123202000]
 total_blobs=2730 nmethods=2412 adapters=231
 compilation: enabled

Compilation events (10 events):
Event: 20.134 Thread 0x00007fb908873800 1791       4       java.util.HashMap::hash (20 bytes)
Event: 20.135 Thread 0x00007fb90a01b000 nmethod 2616 0x0000000114afdc50 code [0x0000000114afdf00, 0x0000000114afe908]
Event: 20.136 Thread 0x00007fb90a01b000 2618       2       com.sun.tools.javac.jvm.Gen::genArgs (52 bytes)
Event: 20.137 Thread 0x00007fb908873800 nmethod 1791 0x00000001143e51d0 code [0x00000001143e5320, 0x00000001143e53d8]
Event: 20.139 Thread 0x00007fb908873800 1549       4       com.sun.tools.javac.comp.Attr::checkId (59 bytes)
Event: 20.139 Thread 0x00007fb90a01b000 nmethod 2618 0x00000001143b6b90 code [0x00000001143b6d40, 0x00000001143b7098]
Event: 20.140 Thread 0x00007fb90a01b000 2622       2       com.sun.tools.javac.jvm.Gen::genStats (31 bytes)
Event: 20.140 Thread 0x00007fb90a01b000 nmethod 2622 0x0000000114337c10 code [0x0000000114337d80, 0x0000000114337fe8]
Event: 20.141 Thread 0x00007fb90a01b000 2619       2       com.sun.tools.javac.jvm.ClassWriter::beginAttrs (16 bytes)
Event: 20.142 Thread 0x00007fb90a01b000 nmethod 2619 0x00000001143a1bd0 code [0x00000001143a1d40, 0x00000001143a1ee8]

GC Heap History (10 events):
Event: 4.471 GC heap before
{Heap before GC invocations=5 (full 0):
 PSYoungGen      total 35328K, used 35320K [0x000000079eb00000, 0x00000007a1000000, 0x00000007c0000000)
  eden space 32768K, 100% used [0x000000079eb00000,0x00000007a0b00000,0x00000007a0b00000)
  from space 2560K, 99% used [0x00000007a0d80000,0x00000007a0ffe2f8,0x00000007a1000000)
  to   space 2560K, 0% used [0x00000007a0b00000,0x00000007a0b00000,0x00000007a0d80000)
 ParOldGen       total 44032K, used 14746K [0x000000075c000000, 0x000000075eb00000, 0x000000079eb00000)
  object space 44032K, 33% used [0x000000075c000000,0x000000075ce66b20,0x000000075eb00000)
 Metaspace       used 7014K, capacity 7032K, committed 7168K, reserved 1056768K
  class space    used 740K, capacity 744K, committed 768K, reserved 1048576K
Event: 4.506 GC heap after
Heap after GC invocations=5 (full 0):
 PSYoungGen      total 35328K, used 2559K [0x000000079eb00000, 0x00000007a4100000, 0x00000007c0000000)
  eden space 32768K, 0% used [0x000000079eb00000,0x000000079eb00000,0x00000007a0b00000)
  from space 2560K, 99% used [0x00000007a0b00000,0x00000007a0d7fc48,0x00000007a0d80000)
  to   space 11264K, 0% used [0x00000007a3600000,0x00000007a3600000,0x00000007a4100000)
 ParOldGen       total 44032K, used 23655K [0x000000075c000000, 0x000000075eb00000, 0x000000079eb00000)
  object space 44032K, 53% used [0x000000075c000000,0x000000075d719eb0,0x000000075eb00000)
 Metaspace       used 7014K, capacity 7032K, committed 7168K, reserved 1056768K
  class space    used 740K, capacity 744K, committed 768K, reserved 1048576K
}
Event: 6.418 GC heap before
{Heap before GC invocations=6 (full 0):
 PSYoungGen      total 35328K, used 35327K [0x000000079eb00000, 0x00000007a4100000, 0x00000007c0000000)
  eden space 32768K, 100% used [0x000000079eb00000,0x00000007a0b00000,0x00000007a0b00000)
  from space 2560K, 99% used [0x00000007a0b00000,0x00000007a0d7fc48,0x00000007a0d80000)
  to   space 11264K, 0% used [0x00000007a3600000,0x00000007a3600000,0x00000007a4100000)
 ParOldGen       total 44032K, used 23655K [0x000000075c000000, 0x000000075eb00000, 0x000000079eb00000)
  object space 44032K, 53% used [0x000000075c000000,0x000000075d719eb0,0x000000075eb00000)
 Metaspace       used 7026K, capacity 7032K, committed 7168K, reserved 1056768K
  class space    used 740K, capacity 744K, committed 768K, reserved 1048576K
Event: 6.453 GC heap after
Heap after GC invocations=6 (full 0):
 PSYoungGen      total 74752K, used 11261K [0x000000079eb00000, 0x00000007a4500000, 0x00000007c0000000)
  eden space 63488K, 0% used [0x000000079eb00000,0x000000079eb00000,0x00000007a2900000)
  from space 11264K, 99% used [0x00000007a3600000,0x00000007a40ff748,0x00000007a4100000)
  to   space 13312K, 0% used [0x00000007a2900000,0x00000007a2900000,0x00000007a3600000)
 ParOldGen       total 44032K, used 23911K [0x000000075c000000, 0x000000075eb00000, 0x000000079eb00000)
  object space 44032K, 54% used [0x000000075c000000,0x000000075d759eb0,0x000000075eb00000)
 Metaspace       used 7026K, capacity 7032K, committed 7168K, reserved 1056768K
  class space    used 740K, capacity 744K, committed 768K, reserved 1048576K
}
Event: 11.155 GC heap before
{Heap before GC invocations=7 (full 0):
 PSYoungGen      total 74752K, used 74749K [0x000000079eb00000, 0x00000007a4500000, 0x00000007c0000000)
  eden space 63488K, 100% used [0x000000079eb00000,0x00000007a2900000,0x00000007a2900000)
  from space 11264K, 99% used [0x00000007a3600000,0x00000007a40ff748,0x00000007a4100000)
  to   space 13312K, 0% used [0x00000007a2900000,0x00000007a2900000,0x00000007a3600000)
 ParOldGen       total 44032K, used 23911K [0x000000075c000000, 0x000000075eb00000, 0x000000079eb00000)
  object space 44032K, 54% used [0x000000075c000000,0x000000075d759eb0,0x000000075eb00000)
 Metaspace       used 7947K, capacity 8024K, committed 8320K, reserved 1056768K
  class space    used 825K, capacity 840K, committed 896K, reserved 1048576K
Event: 11.382 GC heap after
Heap after GC invocations=7 (full 0):
 PSYoungGen      total 76800K, used 13300K [0x000000079eb00000, 0x00000007a9700000, 0x00000007c0000000)
  eden space 63488K, 0% used [0x000000079eb00000,0x000000079eb00000,0x00000007a2900000)
  from space 13312K, 99% used [0x00000007a2900000,0x00000007a35fd318,0x00000007a3600000)
  to   space 24576K, 0% used [0x00000007a7f00000,0x00000007a7f00000,0x00000007a9700000)
 ParOldGen       total 44032K, used 42452K [0x000000075c000000, 0x000000075eb00000, 0x000000079eb00000)
  object space 44032K, 96% used [0x000000075c000000,0x000000075e975270,0x000000075eb00000)
 Metaspace       used 7947K, capacity 8024K, committed 8320K, reserved 1056768K
  class space    used 825K, capacity 840K, committed 896K, reserved 1048576K
}
Event: 11.382 GC heap before
{Heap before GC invocations=8 (full 1):
 PSYoungGen      total 76800K, used 13300K [0x000000079eb00000, 0x00000007a9700000, 0x00000007c0000000)
  eden space 63488K, 0% used [0x000000079eb00000,0x000000079eb00000,0x00000007a2900000)
  from space 13312K, 99% used [0x00000007a2900000,0x00000007a35fd318,0x00000007a3600000)
  to   space 24576K, 0% used [0x00000007a7f00000,0x00000007a7f00000,0x00000007a9700000)
 ParOldGen       total 44032K, used 42452K [0x000000075c000000, 0x000000075eb00000, 0x000000079eb00000)
  object space 44032K, 96% used [0x000000075c000000,0x000000075e975270,0x000000075eb00000)
 Metaspace       used 7947K, capacity 8024K, committed 8320K, reserved 1056768K
  class space    used 825K, capacity 840K, committed 896K, reserved 1048576K
Event: 12.145 GC heap after
Heap after GC invocations=8 (full 1):
 PSYoungGen      total 76800K, used 10994K [0x000000079eb00000, 0x00000007a9700000, 0x00000007c0000000)
  eden space 63488K, 0% used [0x000000079eb00000,0x000000079eb00000,0x00000007a2900000)
  from space 13312K, 82% used [0x00000007a2900000,0x00000007a33bcaa8,0x00000007a3600000)
  to   space 24576K, 0% used [0x00000007a7f00000,0x00000007a7f00000,0x00000007a9700000)
 ParOldGen       total 87040K, used 43679K [0x000000075c000000, 0x0000000761500000, 0x000000079eb00000)
  object space 87040K, 50% used [0x000000075c000000,0x000000075eaa7f08,0x0000000761500000)
 Metaspace       used 7947K, capacity 8024K, committed 8320K, reserved 1056768K
  class space    used 825K, capacity 840K, committed 896K, reserved 1048576K
}
Event: 15.591 GC heap before
{Heap before GC invocations=9 (full 1):
 PSYoungGen      total 76800K, used 74482K [0x000000079eb00000, 0x00000007a9700000, 0x00000007c0000000)
  eden space 63488K, 100% used [0x000000079eb00000,0x00000007a2900000,0x00000007a2900000)
  from space 13312K, 82% used [0x00000007a2900000,0x00000007a33bcaa8,0x00000007a3600000)
  to   space 24576K, 0% used [0x00000007a7f00000,0x00000007a7f00000,0x00000007a9700000)
 ParOldGen       total 87040K, used 43679K [0x000000075c000000, 0x0000000761500000, 0x000000079eb00000)
  object space 87040K, 50% used [0x000000075c000000,0x000000075eaa7f08,0x0000000761500000)
 Metaspace       used 8498K, capacity 8568K, committed 8832K, reserved 1056768K
  class space    used 859K, capacity 872K, committed 896K, reserved 1048576K
Event: 15.679 GC heap after
Heap after GC invocations=9 (full 1):
 PSYoungGen      total 108544K, used 24549K [0x000000079eb00000, 0x00000007a9700000, 0x00000007c0000000)
  eden space 83968K, 0% used [0x000000079eb00000,0x000000079eb00000,0x00000007a3d00000)
  from space 24576K, 99% used [0x00000007a7f00000,0x00000007a96f9588,0x00000007a9700000)
  to   space 29696K, 0% used [0x00000007a5d00000,0x00000007a5d00000,0x00000007a7a00000)
 ParOldGen       total 87040K, used 46660K [0x000000075c000000, 0x0000000761500000, 0x000000079eb00000)
  object space 87040K, 53% used [0x000000075c000000,0x000000075ed913d8,0x0000000761500000)
 Metaspace       used 8498K, capacity 8568K, committed 8832K, reserved 1056768K
  class space    used 859K, capacity 872K, committed 896K, reserved 1048576K
}

Deoptimization events (10 events):
Event: 17.769 Thread 0x00007fb90a009000 Uncommon trap: reason=bimorphic action=maybe_recompile pc=0x000000011495e520 method=com.sun.tools.javac.code.Types.capture(Lcom/sun/tools/javac/code/Type;)Lcom/sun/tools/javac/code/Type; @ 13
Event: 17.860 Thread 0x00007fb90a009000 Uncommon trap: reason=bimorphic action=maybe_recompile pc=0x000000011478ac78 method=java.util.HashMap.getNode(ILjava/lang/Object;)Ljava/util/HashMap$Node; @ 59
Event: 17.861 Thread 0x00007fb90a009000 Uncommon trap: reason=bimorphic action=maybe_recompile pc=0x000000011478ac78 method=java.util.HashMap.getNode(ILjava/lang/Object;)Ljava/util/HashMap$Node; @ 59
Event: 17.861 Thread 0x00007fb90a009000 Uncommon trap: reason=bimorphic action=maybe_recompile pc=0x000000011478ac78 method=java.util.HashMap.getNode(ILjava/lang/Object;)Ljava/util/HashMap$Node; @ 59
Event: 17.872 Thread 0x00007fb90a009000 Uncommon trap: reason=bimorphic action=maybe_recompile pc=0x000000011478ac78 method=java.util.HashMap.getNode(ILjava/lang/Object;)Ljava/util/HashMap$Node; @ 59
Event: 17.874 Thread 0x00007fb90a009000 Uncommon trap: reason=bimorphic action=maybe_recompile pc=0x00000001146f5bf4 method=java.util.HashMap.getNode(ILjava/lang/Object;)Ljava/util/HashMap$Node; @ 59
Event: 18.160 Thread 0x00007fb90a009000 Uncommon trap: reason=unstable_if action=reinterpret pc=0x000000011440a8f8 method=com.sun.tools.javac.util.ListBuffer.append(Ljava/lang/Object;)Lcom/sun/tools/javac/util/ListBuffer; @ 9
Event: 18.302 Thread 0x00007fb90a009000 Uncommon trap: reason=unstable_if action=reinterpret pc=0x00000001149acf28 method=java.util.HashMap.putVal(ILjava/lang/Object;Ljava/lang/Object;ZZ)Ljava/lang/Object; @ 81
Event: 18.400 Thread 0x00007fb90a009000 Uncommon trap: reason=class_check action=maybe_recompile pc=0x00000001144ff358 method=com.sun.tools.javac.comp.Check.checkDeprecated(Lcom/sun/tools/javac/util/JCDiagnostic$DiagnosticPosition;Lcom/sun/tools/javac/code/Symbol;Lcom/sun/tools/javac/code/Symbo
Event: 19.243 Thread 0x00007fb90a009000 Uncommon trap: reason=class_check action=maybe_recompile pc=0x00000001144ff358 method=com.sun.tools.javac.comp.Check.checkDeprecated(Lcom/sun/tools/javac/util/JCDiagnostic$DiagnosticPosition;Lcom/sun/tools/javac/code/Symbol;Lcom/sun/tools/javac/code/Symbo

Classes redefined (0 events):
No events

Internal exceptions (9 events):
Event: 0.068 Thread 0x00007fb90a009000 Exception <a 'java/lang/NoSuchMethodError': Method sun.misc.Unsafe.defineClass(Ljava/lang/String;[BII)Ljava/lang/Class; name or signature does not match> (0x000000079eb07cc0) thrown at [/System/Volumes/Data/jenkins/workspace/8-2-build-macosx-x86_64/jdk8u2
Event: 0.068 Thread 0x00007fb90a009000 Exception <a 'java/lang/NoSuchMethodError': Method sun.misc.Unsafe.prefetchRead(Ljava/lang/Object;J)V name or signature does not match> (0x000000079eb07fa8) thrown at [/System/Volumes/Data/jenkins/workspace/8-2-build-macosx-x86_64/jdk8u291/1294/hotspot/sr
Event: 0.356 Thread 0x00007fb90a009000 Exception <a 'java/security/PrivilegedActionException'> (0x000000079eb8d880) thrown at [/System/Volumes/Data/jenkins/workspace/8-2-build-macosx-x86_64/jdk8u291/1294/hotspot/src/share/vm/prims/jvm.cpp, line 1523]
Event: 0.356 Thread 0x00007fb90a009000 Exception <a 'java/security/PrivilegedActionException'> (0x000000079eb8dc78) thrown at [/System/Volumes/Data/jenkins/workspace/8-2-build-macosx-x86_64/jdk8u291/1294/hotspot/src/share/vm/prims/jvm.cpp, line 1523]
Event: 0.358 Thread 0x00007fb90a009000 Exception <a 'java/security/PrivilegedActionException'> (0x000000079eb91280) thrown at [/System/Volumes/Data/jenkins/workspace/8-2-build-macosx-x86_64/jdk8u291/1294/hotspot/src/share/vm/prims/jvm.cpp, line 1523]
Event: 0.358 Thread 0x00007fb90a009000 Exception <a 'java/security/PrivilegedActionException'> (0x000000079eb91678) thrown at [/System/Volumes/Data/jenkins/workspace/8-2-build-macosx-x86_64/jdk8u291/1294/hotspot/src/share/vm/prims/jvm.cpp, line 1523]
Event: 9.458 Thread 0x00007fb90a009000 Exception <a 'java/io/FileNotFoundException'> (0x00000007a1dc9ee8) thrown at [/System/Volumes/Data/jenkins/workspace/8-2-build-macosx-x86_64/jdk8u291/1294/hotspot/src/share/vm/prims/jni.cpp, line 710]
Event: 9.473 Thread 0x00007fb90a009000 Exception <a 'java/io/FileNotFoundException'> (0x00000007a1e20fe0) thrown at [/System/Volumes/Data/jenkins/workspace/8-2-build-macosx-x86_64/jdk8u291/1294/hotspot/src/share/vm/prims/jni.cpp, line 710]
Event: 20.135 Thread 0x00007fb90a009000 Implicit null exception at 0x0000000114a8be4e to 0x0000000000000000

Events (10 events):
Event: 20.137 Thread 0x00007fb908873800 flushing nmethod 0x0000000114448d10
Event: 20.137 Thread 0x00007fb908873800 flushing nmethod 0x00000001144781d0
Event: 20.138 Thread 0x00007fb908873800 flushing nmethod 0x00000001144a6890
Event: 20.139 Thread 0x00007fb90a01b000 flushing nmethod 0x00000001144d7750
Event: 20.139 Thread 0x00007fb90a01b000 flushing nmethod 0x00000001144fbd90
Event: 20.140 Thread 0x00007fb90a01b000 flushing nmethod 0x000000011451dcd0
Event: 20.141 Thread 0x00007fb90a01b000 flushing nmethod 0x00000001145444d0
Event: 20.141 Thread 0x00007fb90a01b000 flushing nmethod 0x000000011456dd50
Event: 20.141 Thread 0x00007fb90a01b000 flushing nmethod 0x00000001145c75d0
Event: 20.141 Thread 0x00007fb90a01b000 flushing nmethod 0x0000000114614090


Dynamic libraries:
0x00007fff34aaf000 	/System/Library/Frameworks/Cocoa.framework/Versions/A/Cocoa
0x00007fff422e0000 	/System/Library/Frameworks/Security.framework/Versions/A/Security
0x00007fff33a14000 	/System/Library/Frameworks/ApplicationServices.framework/Versions/A/ApplicationServices
0x00007fff6f072000 	/usr/lib/libz.1.dylib
0x00007fff6caa8000 	/usr/lib/libSystem.B.dylib
0x00007fff35962000 	/System/Library/Frameworks/CoreFoundation.framework/Versions/A/CoreFoundation
0x00007fff38042000 	/System/Library/Frameworks/Foundation.framework/Versions/C/Foundation
0x00007fff6e99f000 	/usr/lib/libobjc.A.dylib
0x00007fff32c04000 	/System/Library/Frameworks/AppKit.framework/Versions/C/AppKit
0x00007fff35433000 	/System/Library/Frameworks/CoreData.framework/Versions/A/CoreData
0x00007fff66abd000 	/System/Library/PrivateFrameworks/UIFoundation.framework/Versions/A/UIFoundation
0x00007fff61b51000 	/System/Library/PrivateFrameworks/RemoteViewServices.framework/Versions/A/RemoteViewServices
0x00007fff69618000 	/System/Library/PrivateFrameworks/XCTTargetBootstrap.framework/Versions/A/XCTTargetBootstrap
0x00007fff3582f000 	/System/Library/Frameworks/CoreDisplay.framework/Versions/A/CoreDisplay
0x00007fff3af01000 	/System/Library/Frameworks/Metal.framework/Versions/A/Metal
0x00007fff4fafc000 	/System/Library/PrivateFrameworks/DesktopServicesPriv.framework/Versions/A/DesktopServicesPriv
0x00007fff6dc7a000 	/usr/lib/liblangid.dylib
0x00007fff4ed91000 	/System/Library/PrivateFrameworks/CoreSVG.framework/Versions/A/CoreSVG
0x00007fff64cad000 	/System/Library/PrivateFrameworks/SkyLight.framework/Versions/A/SkyLight
0x00007fff35de4000 	/System/Library/Frameworks/CoreGraphics.framework/Versions/A/CoreGraphics
0x00007fff31573000 	/System/Library/Frameworks/Accelerate.framework/Versions/A/Accelerate
0x00007fff6ef63000 	/usr/lib/libxml2.2.dylib
0x00007fff5aa9a000 	/System/Library/PrivateFrameworks/IconServices.framework/Versions/A/IconServices
0x00007fff38821000 	/System/Library/Frameworks/IOSurface.framework/Versions/A/IOSurface
0x00007fff6c5d2000 	/usr/lib/libDiagnosticMessagesClient.dylib
0x00007fff4f956000 	/System/Library/PrivateFrameworks/DFRFoundation.framework/Versions/A/DFRFoundation
0x00007fff6da09000 	/usr/lib/libicucore.A.dylib
0x00007fff33d46000 	/System/Library/Frameworks/AudioToolbox.framework/Versions/A/AudioToolbox
0x00007fff33e29000 	/System/Library/Frameworks/AudioUnit.framework/Versions/A/AudioUnit
0x00007fff6cd40000 	/usr/lib/libauto.dylib
0x00007fff4f9f8000 	/System/Library/PrivateFrameworks/DataDetectorsCore.framework/Versions/A/DataDetectorsCore
0x00007fff345d0000 	/System/Library/Frameworks/Carbon.framework/Versions/A/Frameworks/HIToolbox.framework/Versions/A/HIToolbox
0x00007fff414da000 	/System/Library/Frameworks/QuartzCore.framework/Versions/A/QuartzCore
0x00007fff3490f000 	/System/Library/Frameworks/Carbon.framework/Versions/A/Frameworks/SpeechRecognition.framework/Versions/A/SpeechRecognition
0x00007fff4f46a000 	/System/Library/PrivateFrameworks/CoreUI.framework/Versions/A/CoreUI
0x00007fff34e9e000 	/System/Library/Frameworks/CoreAudio.framework/Versions/A/CoreAudio
0x00007fff37d01000 	/System/Library/Frameworks/DiskArbitration.framework/Versions/A/DiskArbitration
0x00007fff5cb2c000 	/System/Library/PrivateFrameworks/MultitouchSupport.framework/Versions/A/MultitouchSupport
0x00007fff6d8d0000 	/usr/lib/libenergytrace.dylib
0x00007fff3877b000 	/System/Library/Frameworks/IOKit.framework/Versions/A/IOKit
0x00007fff36d6d000 	/System/Library/Frameworks/CoreServices.framework/Versions/A/CoreServices
0x00007fff5ece4000 	/System/Library/PrivateFrameworks/PerformanceAnalysis.framework/Versions/A/PerformanceAnalysis
0x00007fff4050d000 	/System/Library/Frameworks/OpenGL.framework/Versions/A/OpenGL
0x00007fff34abd000 	/System/Library/Frameworks/ColorSync.framework/Versions/A/ColorSync
0x00007fff36489000 	/System/Library/Frameworks/CoreImage.framework/Versions/A/CoreImage
0x00007fff377e0000 	/System/Library/Frameworks/CoreText.framework/Versions/A/CoreText
0x00007fff388b1000 	/System/Library/Frameworks/ImageIO.framework/Versions/A/ImageIO
0x00007fff6ce24000 	/usr/lib/libc++.1.dylib
0x00007fff6cea0000 	/usr/lib/libcompression.dylib
0x00007fff6c916000 	/usr/lib/libMobileGestalt.dylib
0x00007fff66827000 	/System/Library/PrivateFrameworks/TextureIO.framework/Versions/A/TextureIO
0x00007fff6cc0d000 	/usr/lib/libate.dylib
0x00007fff5aca3000 	/System/Library/PrivateFrameworks/InternationalSupport.framework/Versions/A/InternationalSupport
0x00007fff6f933000 	/usr/lib/system/libcache.dylib
0x00007fff6f939000 	/usr/lib/system/libcommonCrypto.dylib
0x00007fff6f945000 	/usr/lib/system/libcompiler_rt.dylib
0x00007fff6f94d000 	/usr/lib/system/libcopyfile.dylib
0x00007fff6f957000 	/usr/lib/system/libcorecrypto.dylib
0x00007fff6faf6000 	/usr/lib/system/libdispatch.dylib
0x00007fff6fb37000 	/usr/lib/system/libdyld.dylib
0x00007fff6fb6e000 	/usr/lib/system/libkeymgr.dylib
0x00007fff6fb7c000 	/usr/lib/system/liblaunch.dylib
0x00007fff6fb7d000 	/usr/lib/system/libmacho.dylib
0x00007fff6fb83000 	/usr/lib/system/libquarantine.dylib
0x00007fff6fb86000 	/usr/lib/system/libremovefile.dylib
0x00007fff6fb88000 	/usr/lib/system/libsystem_asl.dylib
0x00007fff6fba0000 	/usr/lib/system/libsystem_blocks.dylib
0x00007fff6fba1000 	/usr/lib/system/libsystem_c.dylib
0x00007fff6fc29000 	/usr/lib/system/libsystem_configuration.dylib
0x00007fff6fc2d000 	/usr/lib/system/libsystem_coreservices.dylib
0x00007fff6fc31000 	/usr/lib/system/libsystem_darwin.dylib
0x00007fff6fc3a000 	/usr/lib/system/libsystem_dnssd.dylib
0x00007fff6fc42000 	/usr/lib/system/libsystem_featureflags.dylib
0x00007fff6fc44000 	/usr/lib/system/libsystem_info.dylib
0x00007fff6fcbf000 	/usr/lib/system/libsystem_m.dylib
0x00007fff6fd0b000 	/usr/lib/system/libsystem_malloc.dylib
0x00007fff6fd33000 	/usr/lib/system/libsystem_networkextension.dylib
0x00007fff6fd41000 	/usr/lib/system/libsystem_notify.dylib
0x00007fff6fd5f000 	/usr/lib/system/libsystem_sandbox.dylib
0x00007fff6fd64000 	/usr/lib/system/libsystem_secinit.dylib
0x00007fff6fc92000 	/usr/lib/system/libsystem_kernel.dylib
0x00007fff6fd4b000 	/usr/lib/system/libsystem_platform.dylib
0x00007fff6fd54000 	/usr/lib/system/libsystem_pthread.dylib
0x00007fff6fd67000 	/usr/lib/system/libsystem_symptoms.dylib
0x00007fff6fd6f000 	/usr/lib/system/libsystem_trace.dylib
0x00007fff6fd87000 	/usr/lib/system/libunwind.dylib
0x00007fff6fd8d000 	/usr/lib/system/libxpc.dylib
0x00007fff6ce77000 	/usr/lib/libc++abi.dylib
0x00007fff6dc7c000 	/usr/lib/liblzma.5.dylib
0x00007fff6d8f7000 	/usr/lib/libfakelink.dylib
0x00007fff6cb9a000 	/usr/lib/libarchive.2.dylib
0x00007fff43391000 	/System/Library/Frameworks/SystemConfiguration.framework/Versions/A/SystemConfiguration
0x00007fff6c505000 	/usr/lib/libCRFSuite.dylib
0x00007fff341c0000 	/System/Library/Frameworks/CFNetwork.framework/Versions/A/CFNetwork
0x00007fff6ce06000 	/usr/lib/libbsm.0.dylib
0x00007fff6fb6f000 	/usr/lib/system/libkxld.dylib
0x00007fff492d3000 	/System/Library/PrivateFrameworks/AppleFSCompression.framework/Versions/A/AppleFSCompression
0x00007fff6d192000 	/usr/lib/libcoretls.dylib
0x00007fff6d1a9000 	/usr/lib/libcoretls_cfhelpers.dylib
0x00007fff6e9e4000 	/usr/lib/libpam.2.dylib
0x00007fff6eb19000 	/usr/lib/libsqlite3.dylib
0x00007fff6ef50000 	/usr/lib/libxar.1.dylib
0x00007fff6ce17000 	/usr/lib/libbz2.1.0.dylib
0x00007fff6d918000 	/usr/lib/libiconv.2.dylib
0x00007fff6ce8d000 	/usr/lib/libcharset.1.dylib
0x00007fff6e482000 	/usr/lib/libnetwork.dylib
0x00007fff6e9eb000 	/usr/lib/libpcap.A.dylib
0x00007fff6cb4f000 	/usr/lib/libapple_nghttp2.dylib
0x00007fff37124000 	/System/Library/Frameworks/CoreServices.framework/Versions/A/Frameworks/FSEvents.framework/Versions/A/FSEvents
0x00007fff36df4000 	/System/Library/Frameworks/CoreServices.framework/Versions/A/Frameworks/CarbonCore.framework/Versions/A/CarbonCore
0x00007fff37368000 	/System/Library/Frameworks/CoreServices.framework/Versions/A/Frameworks/Metadata.framework/Versions/A/Metadata
0x00007fff37401000 	/System/Library/Frameworks/CoreServices.framework/Versions/A/Frameworks/OSServices.framework/Versions/A/OSServices
0x00007fff3742f000 	/System/Library/Frameworks/CoreServices.framework/Versions/A/Frameworks/SearchKit.framework/Versions/A/SearchKit
0x00007fff36d6e000 	/System/Library/Frameworks/CoreServices.framework/Versions/A/Frameworks/AE.framework/Versions/A/AE
0x00007fff3712d000 	/System/Library/Frameworks/CoreServices.framework/Versions/A/Frameworks/LaunchServices.framework/Versions/A/LaunchServices
0x00007fff370d6000 	/System/Library/Frameworks/CoreServices.framework/Versions/A/Frameworks/DictionaryServices.framework/Versions/A/DictionaryServices
0x00007fff37497000 	/System/Library/Frameworks/CoreServices.framework/Versions/A/Frameworks/SharedFileList.framework/Versions/A/SharedFileList
0x00007fff3c32c000 	/System/Library/Frameworks/NetFS.framework/Versions/A/NetFS
0x00007fff5d05c000 	/System/Library/PrivateFrameworks/NetAuth.framework/Versions/A/NetAuth
0x00007fff699e5000 	/System/Library/PrivateFrameworks/login.framework/Versions/A/Frameworks/loginsupport.framework/Versions/A/loginsupport
0x00007fff662f2000 	/System/Library/PrivateFrameworks/TCC.framework/Versions/A/TCC
0x00007fff4df04000 	/System/Library/PrivateFrameworks/CoreNLP.framework/Versions/A/CoreNLP
0x00007fff5c517000 	/System/Library/PrivateFrameworks/MetadataUtilities.framework/Versions/A/MetadataUtilities
0x00007fff6dd54000 	/usr/lib/libmecabra.dylib
0x00007fff6dcac000 	/usr/lib/libmecab.dylib
0x00007fff6d908000 	/usr/lib/libgermantok.dylib
0x00007fff6cb36000 	/usr/lib/libThaiTokenizer.dylib
0x00007fff6c53c000 	/usr/lib/libChineseTokenizer.dylib
0x00007fff3158c000 	/System/Library/Frameworks/Accelerate.framework/Versions/A/Frameworks/vImage.framework/Versions/A/vImage
0x00007fff32a5a000 	/System/Library/Frameworks/Accelerate.framework/Versions/A/Frameworks/vecLib.framework/Versions/A/vecLib
0x00007fff328db000 	/System/Library/Frameworks/Accelerate.framework/Versions/A/Frameworks/vecLib.framework/Versions/A/libvMisc.dylib
0x00007fff32748000 	/System/Library/Frameworks/Accelerate.framework/Versions/A/Frameworks/vecLib.framework/Versions/A/libvDSP.dylib
0x00007fff31e28000 	/System/Library/Frameworks/Accelerate.framework/Versions/A/Frameworks/vecLib.framework/Versions/A/libBLAS.dylib
0x00007fff32300000 	/System/Library/Frameworks/Accelerate.framework/Versions/A/Frameworks/vecLib.framework/Versions/A/libLAPACK.dylib
0x00007fff326a8000 	/System/Library/Frameworks/Accelerate.framework/Versions/A/Frameworks/vecLib.framework/Versions/A/libLinearAlgebra.dylib
0x00007fff32735000 	/System/Library/Frameworks/Accelerate.framework/Versions/A/Frameworks/vecLib.framework/Versions/A/libSparseBLAS.dylib
0x00007fff326be000 	/System/Library/Frameworks/Accelerate.framework/Versions/A/Frameworks/vecLib.framework/Versions/A/libQuadrature.dylib
0x00007fff31fbe000 	/System/Library/Frameworks/Accelerate.framework/Versions/A/Frameworks/vecLib.framework/Versions/A/libBNNS.dylib
0x00007fff326c4000 	/System/Library/Frameworks/Accelerate.framework/Versions/A/Frameworks/vecLib.framework/Versions/A/libSparse.dylib
0x00007fff5b08b000 	/System/Library/PrivateFrameworks/LanguageModeling.framework/Versions/A/LanguageModeling
0x00007fff4d8b4000 	/System/Library/PrivateFrameworks/CoreEmoji.framework/Versions/A/CoreEmoji
0x00007fff5b1a9000 	/System/Library/PrivateFrameworks/LinguisticData.framework/Versions/A/LinguisticData
0x00007fff5b15a000 	/System/Library/PrivateFrameworks/Lexicon.framework/Versions/A/Lexicon
0x00007fff6ce8e000 	/usr/lib/libcmph.dylib
0x00007fff3ef1b000 	/System/Library/Frameworks/OpenDirectory.framework/Versions/A/Frameworks/CFOpenDirectory.framework/Versions/A/CFOpenDirectory
0x00007fff3ef38000 	/System/Library/Frameworks/OpenDirectory.framework/Versions/A/OpenDirectory
0x00007fff4737b000 	/System/Library/PrivateFrameworks/APFS.framework/Versions/A/APFS
0x00007fff4262a000 	/System/Library/Frameworks/SecurityFoundation.framework/Versions/A/SecurityFoundation
0x00007fff6ef4c000 	/usr/lib/libutil.dylib
0x00007fff4ede9000 	/System/Library/PrivateFrameworks/CoreServicesStore.framework/Versions/A/CoreServicesStore
0x00007fff426e1000 	/System/Library/Frameworks/ServiceManagement.framework/Versions/A/ServiceManagement
0x00007fff4aaa3000 	/System/Library/PrivateFrameworks/BackgroundTaskManagement.framework/Versions/A/BackgroundTaskManagement
0x00007fff6f049000 	/usr/lib/libxslt.1.dylib
0x00007fff49946000 	/System/Library/PrivateFrameworks/AppleSystemInfo.framework/Versions/A/AppleSystemInfo
0x00007fff38acf000 	/System/Library/Frameworks/ImageIO.framework/Versions/A/Resources/libJPEG.dylib
0x00007fff38d8f000 	/System/Library/Frameworks/ImageIO.framework/Versions/A/Resources/libTIFF.dylib
0x00007fff38d72000 	/System/Library/Frameworks/ImageIO.framework/Versions/A/Resources/libPng.dylib
0x00007fff38a11000 	/System/Library/Frameworks/ImageIO.framework/Versions/A/Resources/libGIF.dylib
0x00007fff38a15000 	/System/Library/Frameworks/ImageIO.framework/Versions/A/Resources/libJP2.dylib
0x00007fff38d8d000 	/System/Library/Frameworks/ImageIO.framework/Versions/A/Resources/libRadiance.dylib
0x00007fff6d8d1000 	/usr/lib/libexpat.1.dylib
0x00007fff4942e000 	/System/Library/PrivateFrameworks/AppleJPEG.framework/Versions/A/AppleJPEG
0x00007fff520ff000 	/System/Library/PrivateFrameworks/FontServices.framework/libFontParser.dylib
0x00007fff689e7000 	/System/Library/PrivateFrameworks/WatchdogClient.framework/Versions/A/WatchdogClient
0x00007fff5a6e6000 	/System/Library/PrivateFrameworks/IOAccelerator.framework/Versions/A/IOAccelerator
0x00007fff3b29c000 	/System/Library/Frameworks/MetalPerformanceShaders.framework/Versions/A/MetalPerformanceShaders
0x00007fff56e7c000 	/System/Library/PrivateFrameworks/GPUWrangler.framework/Versions/A/GPUWrangler
0x00007fff5a6fb000 	/System/Library/PrivateFrameworks/IOPresentment.framework/Versions/A/IOPresentment
0x00007fff4f969000 	/System/Library/PrivateFrameworks/DSExternalDisplay.framework/Versions/A/DSExternalDisplay
0x00007fff3f8ac000 	/System/Library/Frameworks/OpenGL.framework/Versions/A/Libraries/libCoreFSCache.dylib
0x00007fff3afe8000 	/System/Library/Frameworks/MetalPerformanceShaders.framework/Frameworks/MPSCore.framework/Versions/A/MPSCore
0x00007fff3b026000 	/System/Library/Frameworks/MetalPerformanceShaders.framework/Frameworks/MPSImage.framework/Versions/A/MPSImage
0x00007fff3b0ed000 	/System/Library/Frameworks/MetalPerformanceShaders.framework/Frameworks/MPSNeuralNetwork.framework/Versions/A/MPSNeuralNetwork
0x00007fff3b0b1000 	/System/Library/Frameworks/MetalPerformanceShaders.framework/Frameworks/MPSMatrix.framework/Versions/A/MPSMatrix
0x00007fff3b24c000 	/System/Library/Frameworks/MetalPerformanceShaders.framework/Frameworks/MPSRayIntersector.framework/Versions/A/MPSRayIntersector
0x00007fff3b0d7000 	/System/Library/Frameworks/MetalPerformanceShaders.framework/Frameworks/MPSNDArray.framework/Versions/A/MPSNDArray
0x00007fff5c564000 	/System/Library/PrivateFrameworks/MetalTools.framework/Versions/A/MetalTools
0x00007fff48555000 	/System/Library/PrivateFrameworks/AggregateDictionary.framework/Versions/A/AggregateDictionary
0x00007fff4d2fc000 	/System/Library/PrivateFrameworks/CoreAnalytics.framework/Versions/A/CoreAnalytics
0x00007fff49865000 	/System/Library/PrivateFrameworks/AppleSauce.framework/Versions/A/AppleSauce
0x00007fff6c7f8000 	/usr/lib/libIOReport.dylib
0x00007fff37998000 	/System/Library/Frameworks/CoreVideo.framework/Versions/A/CoreVideo
0x00007fff582f5000 	/System/Library/PrivateFrameworks/GraphVisualizer.framework/Versions/A/GraphVisualizer
0x00007fff51645000 	/System/Library/PrivateFrameworks/FaceCore.framework/Versions/A/FaceCore
0x00007fff3eec2000 	/System/Library/Frameworks/OpenCL.framework/Versions/A/OpenCL
0x00007fff6c61a000 	/usr/lib/libFosl_dynamic.dylib
0x00007fff5da7c000 	/System/Library/PrivateFrameworks/OTSVG.framework/Versions/A/OTSVG
0x00007fff33b19000 	/System/Library/Frameworks/ApplicationServices.framework/Versions/A/Frameworks/ATS.framework/Versions/A/Resources/libFontRegistry.dylib
0x00007fff522d0000 	/System/Library/PrivateFrameworks/FontServices.framework/libhvf.dylib
0x00007fff3f8b7000 	/System/Library/Frameworks/OpenGL.framework/Versions/A/Libraries/libGFXShared.dylib
0x00007fff3fa95000 	/System/Library/Frameworks/OpenGL.framework/Versions/A/Libraries/libGLU.dylib
0x00007fff3f8c0000 	/System/Library/Frameworks/OpenGL.framework/Versions/A/Libraries/libGL.dylib
0x00007fff3f8cb000 	/System/Library/Frameworks/OpenGL.framework/Versions/A/Libraries/libGLImage.dylib
0x00007fff3f8a9000 	/System/Library/Frameworks/OpenGL.framework/Versions/A/Libraries/libCVMSPluginSupport.dylib
0x00007fff3f8b2000 	/System/Library/Frameworks/OpenGL.framework/Versions/A/Libraries/libCoreVMClient.dylib
0x00007fff6e323000 	/usr/lib/libncurses.5.4.dylib
0x00007fff33a15000 	/System/Library/Frameworks/ApplicationServices.framework/Versions/A/Frameworks/ATS.framework/Versions/A/ATS
0x00007fff33be2000 	/System/Library/Frameworks/ApplicationServices.framework/Versions/A/Frameworks/ColorSyncLegacy.framework/Versions/A/ColorSyncLegacy
0x00007fff33c80000 	/System/Library/Frameworks/ApplicationServices.framework/Versions/A/Frameworks/HIServices.framework/Versions/A/HIServices
0x00007fff33cd8000 	/System/Library/Frameworks/ApplicationServices.framework/Versions/A/Frameworks/LangAnalysis.framework/Versions/A/LangAnalysis
0x00007fff33ce7000 	/System/Library/Frameworks/ApplicationServices.framework/Versions/A/Frameworks/PrintCore.framework/Versions/A/PrintCore
0x00007fff33d2d000 	/System/Library/Frameworks/ApplicationServices.framework/Versions/A/Frameworks/QD.framework/Versions/A/QD
0x00007fff33d38000 	/System/Library/Frameworks/ApplicationServices.framework/Versions/A/Frameworks/SpeechSynthesis.framework/Versions/A/SpeechSynthesis
0x00007fff33bb2000 	/System/Library/Frameworks/ApplicationServices.framework/Versions/A/Frameworks/ATSUI.framework/Versions/A/ATSUI
0x00007fff6d767000 	/usr/lib/libcups.2.dylib
0x00007fff3a337000 	/System/Library/Frameworks/Kerberos.framework/Versions/A/Kerberos
0x00007fff38474000 	/System/Library/Frameworks/GSS.framework/Versions/A/GSS
0x00007fff6eaa5000 	/usr/lib/libresolv.9.dylib
0x00007fff584a2000 	/System/Library/PrivateFrameworks/Heimdal.framework/Versions/A/Heimdal
0x00007fff3a34a000 	/System/Library/Frameworks/Kerberos.framework/Versions/A/Libraries/libHeimdalProxy.dylib
0x00007fff6d90e000 	/usr/lib/libheimdal-asn1.dylib
0x00007fff4c794000 	/System/Library/PrivateFrameworks/CommonAuth.framework/Versions/A/CommonAuth
0x00007fff499e3000 	/System/Library/PrivateFrameworks/AssertionServices.framework/Versions/A/AssertionServices
0x00007fff4a586000 	/System/Library/PrivateFrameworks/AudioToolboxCore.framework/Versions/A/AudioToolboxCore
0x00007fff69695000 	/System/Library/PrivateFrameworks/caulk.framework/Versions/A/caulk
0x00007fff4ab4f000 	/System/Library/PrivateFrameworks/BaseBoard.framework/Versions/A/BaseBoard
0x00007fff61cdf000 	/System/Library/PrivateFrameworks/RunningBoardServices.framework/Versions/A/RunningBoardServices
0x00007fff5ecf0000 	/System/Library/PrivateFrameworks/PersistentConnection.framework/Versions/A/PersistentConnection
0x00007fff616d8000 	/System/Library/PrivateFrameworks/ProtocolBuffer.framework/Versions/A/ProtocolBuffer
0x00007fff4c7b8000 	/System/Library/PrivateFrameworks/CommonUtilities.framework/Versions/A/CommonUtilities
0x00007fff4acdd000 	/System/Library/PrivateFrameworks/Bom.framework/Versions/A/Bom
0x00007fff6c4cb000 	/usr/lib/libAudioToolboxUtility.dylib
0x00007fff4aaad000 	/System/Library/PrivateFrameworks/Backup.framework/Versions/A/Backup
0x00007fff4f88a000 	/System/Library/PrivateFrameworks/CrashReporterSupport.framework/Versions/A/CrashReporterSupport
0x00007fff63771000 	/System/Library/PrivateFrameworks/Sharing.framework/Versions/A/Sharing
0x00007fff48ff1000 	/System/Library/PrivateFrameworks/Apple80211.framework/Versions/A/Apple80211
0x00007fff4a7ca000 	/System/Library/PrivateFrameworks/AuthKit.framework/Versions/A/AuthKit
0x00007fff4f597000 	/System/Library/PrivateFrameworks/CoreUtils.framework/Versions/A/CoreUtils
0x00007fff379dd000 	/System/Library/Frameworks/CoreWLAN.framework/Versions/A/CoreWLAN
0x00007fff38601000 	/System/Library/Frameworks/IOBluetooth.framework/Versions/A/IOBluetooth
0x00007fff5c8ab000 	/System/Library/PrivateFrameworks/MobileKeyBag.framework/Versions/A/MobileKeyBag
0x00007fff4e39c000 	/System/Library/PrivateFrameworks/CorePhoneNumbers.framework/Versions/A/CorePhoneNumbers
0x00007fff493e1000 	/System/Library/PrivateFrameworks/AppleIDAuthSupport.framework/Versions/A/AppleIDAuthSupport
0x00007fff3c339000 	/System/Library/Frameworks/Network.framework/Versions/A/Network
0x00007fff5af37000 	/System/Library/PrivateFrameworks/KeychainCircle.framework/Versions/A/KeychainCircle
0x00007fff353fa000 	/System/Library/Frameworks/CoreBluetooth.framework/Versions/A/CoreBluetooth
0x00007fff657f0000 	/System/Library/PrivateFrameworks/SpeechRecognitionCore.framework/Versions/A/SpeechRecognitionCore
0x000000010c400000 	/Library/Java/JavaVirtualMachines/jdk1.8.0_291.jdk/Contents/Home/jre/lib/server/libjvm.dylib
0x000000010bb4d000 	/Library/Java/JavaVirtualMachines/jdk1.8.0_291.jdk/Contents/Home/jre/lib/libverify.dylib
0x000000010bb5e000 	/Library/Java/JavaVirtualMachines/jdk1.8.0_291.jdk/Contents/Home/jre/lib/libjava.dylib
0x000000010bbdb000 	/Library/Java/JavaVirtualMachines/jdk1.8.0_291.jdk/Contents/Home/jre/lib/libzip.dylib

VM Arguments:
jvm_args: -Xms64M -Xmx1600M -XX:ThreadStackSize=1536 -Xbootclasspath/p:/Users/pojavlauncher/Documents/android-openjdk-build-multiarch/openjdk/build/macosx-aarch64-normal-server-release/langtools/dist/bootstrap/lib/javac.jar 
java_command: com.sun.tools.javac.Main -cp /Library/Java/JavaVirtualMachines/jdk1.8.0_291.jdk/Contents/Home/lib/tools.jar -XDignore.symbol.file=true -Xlint:all,-deprecation,-unchecked,-serial,-fallthrough,-cast,-rawtypes,-static,-dep-ann -implicit:none -sourcepath /Users/pojavlauncher/Documents/android-openjdk-build-multiarch/openjdk/corba/src/share/classes:/Users/pojavlauncher/Documents/android-openjdk-build-multiarch/openjdk/build/macosx-aarch64-normal-server-release/corba/gensrc:/Users/pojavlauncher/Documents/android-openjdk-build-multiarch/openjdk/build/macosx-aarch64-normal-server-release/corba/logwrappers -d /Users/pojavlauncher/Documents/android-openjdk-build-multiarch/openjdk/build/macosx-aarch64-normal-server-release/corba/classes @/Users/pojavlauncher/Documents/android-openjdk-build-multiarch/openjdk/build/macosx-aarch64-normal-server-release/corba/classes/_the.BUILD_CORBA_batch.tmp
java_class_path (initial): /Users/pojavlauncher/Documents/android-openjdk-build-multiarch/openjdk/build/macosx-aarch64-normal-server-release/langtools/dist/bootstrap/lib/javac.jar
Launcher Type: SUN_STANDARD

Environment Variables:
PATH=/usr/local/bin:/usr/bin:/bin:/usr/sbin:/sbin:/Library/Apple/usr/bin
SHELL=/bin/zsh

Signal Handlers:
SIGSEGV: [libjvm.dylib+0x59afc1], sa_mask[0]=11111111011111110111111111111111, sa_flags=SA_ONSTACK|SA_RESTART|SA_SIGINFO
SIGBUS: [libjvm.dylib+0x59afc1], sa_mask[0]=11111111011111110111111111111111, sa_flags=SA_RESTART|SA_SIGINFO
SIGFPE: [libjvm.dylib+0x48e907], sa_mask[0]=11111111011111110111111111111111, sa_flags=SA_RESTART|SA_SIGINFO
SIGPIPE: [libjvm.dylib+0x48e907], sa_mask[0]=11111111011111110111111111111111, sa_flags=SA_RESTART|SA_SIGINFO
SIGXFSZ: [libjvm.dylib+0x48e907], sa_mask[0]=11111111011111110111111111111111, sa_flags=SA_RESTART|SA_SIGINFO
SIGILL: [libjvm.dylib+0x48e907], sa_mask[0]=11111111011111110111111111111111, sa_flags=SA_RESTART|SA_SIGINFO
SIGUSR1: SIG_DFL, sa_mask[0]=00000000000000000000000000000000, sa_flags=none
SIGUSR2: [libjvm.dylib+0x48f1f6], sa_mask[0]=00000000000000000000000000000000, sa_flags=SA_RESTART|SA_SIGINFO
SIGHUP: [libjvm.dylib+0x48d453], sa_mask[0]=11111111011111110111111111111111, sa_flags=SA_RESTART|SA_SIGINFO
SIGINT: [libjvm.dylib+0x48d453], sa_mask[0]=11111111011111110111111111111111, sa_flags=SA_RESTART|SA_SIGINFO
SIGTERM: [libjvm.dylib+0x48d453], sa_mask[0]=11111111011111110111111111111111, sa_flags=SA_RESTART|SA_SIGINFO
SIGQUIT: [libjvm.dylib+0x48d453], sa_mask[0]=11111111011111110111111111111111, sa_flags=SA_RESTART|SA_SIGINFO


---------------  S Y S T E M  ---------------

OS:Bsduname:Darwin 19.6.0 Darwin Kernel Version 19.6.0: Thu Oct 29 22:56:45 PDT 2020; root:xnu-6153.141.2.2~1/RELEASE_X86_64 x86_64
rlimit: STACK 65532k, CORE 0k, NPROC 1392, NOFILE 10240, AS infinity
load average:9.13 4.51 3.19

CPU:total 4 (initial active 4) (4 cores per cpu, 1 threads per core) family 6 model 23 stepping 3, cmov, cx8, fxsr, mmx, sse, sse2, sse3, ssse3, sse4.1, sse4.2, popcnt, avx, aes, tsc, tscinvbit

Memory: 4k page, physical 4194304k(28128k free)

/proc/meminfo:


vm_info: Java HotSpot(TM) 64-Bit Server VM (25.291-b10) for bsd-amd64 JRE (1.8.0_291-b10), built on Apr  8 2021 02:17:24 by "java_re" with gcc 4.2.1 Compatible Apple LLVM 11.0.0 (clang-1100.0.33.17)

time: Tue May 11 07:05:54 2021
timezone: +07
elapsed time: 20.339086 seconds (0d 0h 0m 20s)

